TN:
SF:src\lib\dates.ts
FN:15,(anonymous_0)
FN:21,toDate
FN:37,formatDate
FN:43,formatDateTime
FN:49,formatDateWith
FN:60,toEpoch
FNF:6
FNH:5
FNDA:21,(anonymous_0)
FNDA:29,toDate
FNDA:5,formatDate
FNDA:2,formatDateTime
FNDA:0,formatDateWith
FNDA:13,toEpoch
DA:15,1
DA:16,21
DA:22,29
DA:24,23
DA:25,2
DA:28,21
DA:29,5
DA:32,16
DA:33,16
DA:38,5
DA:39,5
DA:44,2
DA:45,2
DA:55,0
DA:56,0
DA:61,13
LF:16
LH:14
BRDA:16,0,0,21
BRDA:16,0,1,5
BRDA:16,0,2,5
BRDA:22,1,0,6
BRDA:22,1,1,23
BRDA:22,2,0,29
BRDA:22,2,1,26
BRDA:22,2,2,24
BRDA:24,3,0,2
BRDA:24,3,1,21
BRDA:25,4,0,1
BRDA:25,4,1,1
BRDA:28,5,0,5
BRDA:28,5,1,16
BRDA:33,6,0,4
BRDA:33,6,1,12
BRDA:37,7,0,5
BRDA:39,8,0,2
BRDA:39,8,1,3
BRDA:43,9,0,2
BRDA:45,10,0,1
BRDA:45,10,1,1
BRDA:52,11,0,0
BRDA:53,12,0,0
BRDA:56,13,0,0
BRDA:56,13,1,0
BRDA:61,14,0,13
BRDA:61,14,1,2
BRF:28
BRH:24
end_of_record
TN:
SF:src\lib\errors.ts
FN:10,errorMessage
FN:27,errorCode
FNF:2
FNH:2
FNDA:16,errorMessage
FNDA:6,errorCode
DA:11,16
DA:12,14
DA:14,13
DA:15,7
DA:17,7
DA:18,16
DA:19,16
DA:23,9
DA:28,6
DA:29,3
DA:30,3
DA:32,5
LF:12
LH:12
BRDA:10,0,0,16
BRDA:11,1,0,2
BRDA:11,1,1,14
BRDA:12,2,0,1
BRDA:12,2,1,13
BRDA:12,3,0,14
BRDA:12,3,1,3
BRDA:14,4,0,7
BRDA:14,4,1,6
BRDA:14,5,0,13
BRDA:14,5,1,9
BRDA:19,6,0,4
BRDA:19,6,1,12
BRDA:19,7,0,16
BRDA:19,7,1,4
BRDA:28,8,0,3
BRDA:28,8,1,3
BRDA:28,9,0,6
BRDA:28,9,1,4
BRDA:30,10,0,1
BRDA:30,10,1,2
BRF:21
BRH:21
end_of_record
TN:
SF:src\lib\logger.ts
FN:49,describeError
FN:59,(anonymous_1)
FN:75,addSink
FN:77,(anonymous_3)
FN:78,(anonymous_4)
FN:83,setSinks
FN:88,resetSinks
FN:92,setLogLevel
FN:96,getLogLevel
FN:100,emit
FN:143,createLogger
FN:145,(anonymous_11)
FN:146,(anonymous_12)
FN:147,(anonymous_13)
FN:148,(anonymous_14)
FNF:15
FNH:15
FNDA:26,describeError
FNDA:2,(anonymous_1)
FNDA:2,addSink
FNDA:2,(anonymous_3)
FNDA:4,(anonymous_4)
FNDA:25,setSinks
FNDA:26,resetSinks
FNDA:51,setLogLevel
FNDA:1,getLogLevel
FNDA:25,emit
FNDA:21,createLogger
FNDA:3,(anonymous_11)
FNDA:10,(anonymous_12)
FNDA:4,(anonymous_13)
FNDA:8,(anonymous_14)
DA:11,1
DA:34,1
DA:41,1
DA:50,26
DA:52,5
DA:53,3
DA:56,2
DA:59,1
DA:60,2
DA:61,2
DA:63,2
DA:64,2
DA:66,2
DA:69,1
DA:72,1
DA:76,2
DA:77,2
DA:78,4
DA:84,25
DA:89,26
DA:93,51
DA:97,1
DA:107,25
DA:109,23
DA:116,23
DA:118,23
DA:119,23
DA:121,23
DA:122,25
DA:123,25
DA:144,21
DA:145,3
DA:146,10
DA:147,4
DA:148,8
LF:35
LH:35
BRDA:50,0,0,21
BRDA:50,0,1,5
BRDA:50,1,0,26
BRDA:50,1,1,6
BRDA:52,2,0,3
BRDA:52,2,1,2
BRDA:63,3,0,0
BRDA:63,3,1,2
BRDA:64,4,0,1
BRDA:64,4,1,1
BRDA:72,5,0,1
BRDA:72,5,1,0
BRDA:107,6,0,2
BRDA:107,6,1,23
BRDA:116,7,0,2
BRDA:116,7,1,21
BRDA:116,8,0,23
BRDA:116,8,1,3
BRDA:119,9,0,4
BRDA:119,9,1,19
BRF:20
BRH:18
end_of_record
TN:
SF:src\lib\nameMatching.ts
FN:11,normalizeName
FN:16,namesMatch
FN:41,buildNameNotice
FN:76,filesOnBehalfOfOthers
FNF:4
FNH:4
FNDA:30,normalizeName
FNDA:13,namesMatch
FNDA:12,buildNameNotice
FNDA:9,filesOnBehalfOfOthers
DA:12,30
DA:20,13
DA:55,12
DA:56,12
DA:58,11
DA:60,12
DA:61,1
DA:64,10
DA:66,9
DA:67,5
DA:72,4
DA:77,9
LF:12
LH:12
BRDA:12,0,0,30
BRDA:12,0,1,2
BRDA:44,1,0,12
BRDA:55,2,0,12
BRDA:55,2,1,0
BRDA:56,3,0,1
BRDA:56,3,1,11
BRDA:58,4,0,11
BRDA:58,4,1,0
BRDA:60,5,0,1
BRDA:60,5,1,11
BRDA:60,6,0,12
BRDA:60,6,1,6
BRDA:64,7,0,1
BRDA:64,7,1,9
BRDA:66,8,0,5
BRDA:66,8,1,4
BRDA:67,9,0,4
BRDA:67,9,1,1
BRDA:77,10,0,9
BRDA:77,10,1,5
BRF:21
BRH:19
end_of_record
TN:
SF:src\lib\ocrMapping.ts
FN:36,(anonymous_0)
FN:48,flattenObject
FN:72,parseBloodPressure
FN:79,(anonymous_3)
FN:80,(anonymous_4)
FN:88,extractPatientName
FN:110,applyOcrData
FN:158,unwrapExtractionResponse
FNF:8
FNH:8
FNDA:361,(anonymous_0)
FNDA:43,flattenObject
FNDA:73,parseBloodPressure
FNDA:14,(anonymous_3)
FNDA:14,(anonymous_4)
FNDA:14,extractPatientName
FNDA:22,applyOcrData
FNDA:12,unwrapExtractionResponse
DA:14,2
DA:31,2
DA:34,2
DA:36,2
DA:37,361
DA:49,43
DA:51,43
DA:52,5
DA:55,38
DA:56,50
DA:57,7
DA:59,43
DA:63,38
DA:75,73
DA:77,8
DA:79,14
DA:80,14
DA:82,8
DA:84,6
DA:89,14
DA:90,35
DA:91,35
DA:93,5
DA:114,22
DA:115,22
DA:116,22
DA:119,22
DA:120,30
DA:121,25
DA:122,14
DA:123,14
DA:128,22
DA:129,286
DA:130,286
DA:131,5
DA:132,5
DA:134,4
DA:135,4
DA:139,22
DA:140,63
DA:141,63
DA:143,3
DA:144,3
DA:145,3
DA:146,3
DA:149,22
DA:163,12
DA:164,3
DA:167,9
DA:169,9
DA:170,2
DA:173,7
LF:52
LH:52
BRDA:37,0,0,361
BRDA:37,0,1,361
BRDA:37,0,2,57
BRDA:37,0,3,44
BRDA:51,1,0,5
BRDA:51,1,1,38
BRDA:51,2,0,43
BRDA:51,2,1,40
BRDA:51,2,2,39
BRDA:56,3,0,7
BRDA:56,3,1,43
BRDA:56,4,0,50
BRDA:56,4,1,8
BRDA:56,4,2,8
BRDA:75,5,0,65
BRDA:75,5,1,8
BRDA:75,6,0,73
BRDA:75,6,1,10
BRDA:80,7,0,14
BRDA:80,7,1,14
BRDA:82,8,0,2
BRDA:82,8,1,6
BRDA:91,9,0,9
BRDA:91,9,1,26
BRDA:120,10,0,5
BRDA:120,10,1,25
BRDA:121,11,0,14
BRDA:121,11,1,11
BRDA:130,12,0,281
BRDA:130,12,1,5
BRDA:131,13,0,0
BRDA:131,13,1,5
BRDA:132,14,0,1
BRDA:132,14,1,4
BRDA:141,15,0,60
BRDA:141,15,1,3
BRDA:163,16,0,3
BRDA:163,16,1,9
BRDA:163,17,0,12
BRDA:163,17,1,10
BRDA:169,18,0,2
BRDA:169,18,1,7
BRDA:173,19,0,7
BRDA:173,19,1,5
BRF:44
BRH:43
end_of_record
TN:
SF:src\lib\riskUtils.ts
FN:16,calculateRisk
FN:58,calculateBMI
FN:65,generateInsights
FNF:3
FNH:3
FNDA:22,calculateRisk
FNDA:4,calculateBMI
FNDA:6,generateInsights
DA:15,2
DA:17,22
DA:18,22
DA:21,22
DA:22,12
DA:23,12
DA:27,22
DA:28,4
DA:29,4
DA:33,22
DA:34,7
DA:35,7
DA:36,15
DA:37,1
DA:38,1
DA:41,22
DA:42,5
DA:43,5
DA:47,22
DA:48,22
DA:49,4
DA:51,22
DA:59,4
DA:60,2
DA:61,2
DA:62,2
DA:66,6
DA:68,6
DA:69,6
DA:70,6
DA:71,6
DA:72,6
DA:74,6
DA:75,6
DA:76,2
DA:77,2
DA:78,4
DA:79,2
DA:80,2
DA:82,2
DA:83,2
DA:86,6
LF:42
LH:42
BRDA:21,0,0,12
BRDA:21,0,1,10
BRDA:27,1,0,4
BRDA:27,1,1,18
BRDA:33,2,0,7
BRDA:33,2,1,15
BRDA:33,3,0,22
BRDA:33,3,1,9
BRDA:36,4,0,1
BRDA:36,4,1,14
BRDA:36,5,0,15
BRDA:36,5,1,2
BRDA:41,6,0,5
BRDA:41,6,1,17
BRDA:41,7,0,22
BRDA:41,7,1,5
BRDA:48,8,0,4
BRDA:48,8,1,18
BRDA:48,9,0,4
BRDA:48,9,1,14
BRDA:54,10,0,22
BRDA:54,10,1,4
BRDA:59,11,0,2
BRDA:59,11,1,2
BRDA:59,12,0,4
BRDA:59,12,1,3
BRDA:68,13,0,1
BRDA:68,13,1,5
BRDA:69,14,0,1
BRDA:69,14,1,5
BRDA:69,15,0,6
BRDA:69,15,1,2
BRDA:70,16,0,1
BRDA:70,16,1,5
BRDA:70,17,0,6
BRDA:70,17,1,2
BRDA:71,18,0,1
BRDA:71,18,1,5
BRDA:72,19,0,1
BRDA:72,19,1,5
BRDA:72,20,0,6
BRDA:72,20,1,2
BRDA:75,21,0,2
BRDA:75,21,1,4
BRDA:78,22,0,2
BRDA:78,22,1,2
BRF:46
BRH:46
end_of_record
TN:
SF:src\lib\schemas.ts
FN:30,(anonymous_0)
FN:33,(anonymous_1)
FN:38,(anonymous_2)
FN:41,(anonymous_3)
FN:48,(anonymous_4)
FN:51,(anonymous_5)
FN:52,(anonymous_6)
FN:55,(anonymous_7)
FN:66,(anonymous_8)
FN:67,(anonymous_9)
FN:68,(anonymous_10)
FN:75,(anonymous_11)
FN:79,(anonymous_12)
FN:127,(anonymous_13)
FN:164,validate
FN:186,validateScreeningForm
FN:196,stripUndefined
FN:198,(anonymous_17)
FNF:18
FNH:18
FNDA:63,(anonymous_0)
FNDA:260,(anonymous_1)
FNDA:260,(anonymous_2)
FNDA:260,(anonymous_3)
FNDA:9,(anonymous_4)
FNDA:39,(anonymous_5)
FNDA:39,(anonymous_6)
FNDA:38,(anonymous_7)
FNDA:41,(anonymous_8)
FNDA:41,(anonymous_9)
FNDA:41,(anonymous_10)
FNDA:40,(anonymous_11)
FNDA:40,(anonymous_12)
FNDA:26,(anonymous_13)
FNDA:61,validate
FNDA:27,validateScreeningForm
FNDA:28,stripUndefined
FNDA:480,(anonymous_17)
DA:12,3
DA:13,3
DA:14,3
DA:15,3
DA:16,3
DA:22,3
DA:30,3
DA:31,63
DA:34,260
DA:35,48
DA:36,260
DA:38,260
DA:41,260
DA:48,3
DA:49,9
DA:51,39
DA:52,39
DA:55,38
DA:58,3
DA:66,41
DA:67,41
DA:68,41
DA:76,40
DA:77,40
DA:79,40
DA:85,3
DA:93,3
DA:99,3
DA:124,3
DA:128,26
DA:129,26
DA:130,2
DA:168,61
DA:170,61
DA:171,31
DA:174,30
DA:175,30
DA:176,35
DA:177,35
DA:178,33
DA:182,30
DA:187,27
DA:197,28
DA:198,480
LF:44
LH:44
BRDA:34,0,0,212
BRDA:34,0,1,48
BRDA:34,1,0,260
BRDA:34,1,1,48
BRDA:34,1,2,48
BRDA:35,2,0,13
BRDA:35,2,1,35
BRDA:36,3,0,1
BRDA:36,3,1,47
BRDA:38,4,0,260
BRDA:38,4,1,48
BRDA:41,5,0,260
BRDA:41,5,1,48
BRDA:41,5,2,42
BRDA:51,6,0,33
BRDA:51,6,1,6
BRDA:51,7,0,39
BRDA:51,7,1,6
BRDA:52,8,0,39
BRDA:52,8,1,6
BRDA:66,9,0,3
BRDA:66,9,1,38
BRDA:68,10,0,41
BRDA:68,10,1,39
BRDA:76,11,0,40
BRDA:76,11,1,0
BRDA:77,12,0,2
BRDA:77,12,1,38
BRDA:79,13,0,40
BRDA:79,13,1,38
BRDA:129,14,0,2
BRDA:129,14,1,24
BRDA:129,15,0,26
BRDA:129,15,1,7
BRDA:129,15,2,6
BRDA:170,16,0,31
BRDA:170,16,1,30
BRDA:176,17,0,35
BRDA:176,17,1,0
BRDA:177,18,0,33
BRDA:177,18,1,2
BRF:41
BRH:39
end_of_record
TN:
SF:src\lib\screeningPayload.ts
FN:41,buildPatientPayload
FN:61,buildScreeningPayload
FN:82,buildAnalysisPayload
FNF:3
FNH:3
FNDA:11,buildPatientPayload
FNDA:14,buildScreeningPayload
FNDA:8,buildAnalysisPayload
DA:13,2
DA:45,11
DA:66,14
DA:67,14
DA:68,336
DA:71,14
DA:86,8
LF:7
LH:7
BRF:0
BRH:0
end_of_record
TN:
SF:src\lib\utils.ts
FN:4,cn
FNF:1
FNH:1
FNDA:2,cn
DA:5,2
LF:1
LH:1
BRF:0
BRH:0
end_of_record
TN:
SF:src\pages\screening\useScreeningWizard.ts
FN:75,useScreeningWizard
FN:90,(anonymous_1)
FN:94,(anonymous_2)
FN:113,(anonymous_3)
FN:174,(anonymous_4)
FN:193,(anonymous_5)
FN:205,(anonymous_6)
FN:278,(anonymous_7)
FN:299,(anonymous_8)
FN:300,(anonymous_9)
FN:303,(anonymous_10)
FN:304,(anonymous_11)
FN:316,(anonymous_12)
FN:319,(anonymous_13)
FNF:14
FNH:11
FNDA:52,useScreeningWizard
FNDA:1,(anonymous_1)
FNDA:10,(anonymous_2)
FNDA:6,(anonymous_3)
FNDA:0,(anonymous_4)
FNDA:1,(anonymous_5)
FNDA:10,(anonymous_6)
FNDA:10,(anonymous_7)
FNDA:10,(anonymous_8)
FNDA:10,(anonymous_9)
FNDA:1,(anonymous_10)
FNDA:1,(anonymous_11)
FNDA:0,(anonymous_12)
FNDA:0,(anonymous_13)
DA:26,1
DA:65,1
DA:76,52
DA:77,52
DA:79,52
DA:80,52
DA:81,52
DA:82,52
DA:83,52
DA:84,52
DA:85,52
DA:86,52
DA:87,52
DA:88,52
DA:90,52
DA:93,52
DA:95,10
DA:96,10
DA:98,10
DA:100,0
DA:112,52
DA:114,6
DA:116,6
DA:117,1
DA:123,1
DA:126,5
DA:127,5
DA:129,5
DA:130,1
DA:137,4
DA:145,5
DA:146,5
DA:147,4
DA:149,4
DA:150,4
DA:155,4
DA:157,4
DA:158,1
DA:167,5
DA:173,52
DA:175,0
DA:179,0
DA:181,0
DA:182,0
DA:193,52
DA:194,1
DA:195,1
DA:196,1
DA:205,52
DA:206,10
DA:208,10
DA:209,2
DA:210,2
DA:215,8
DA:216,8
DA:217,10
DA:219,10
DA:220,7
DA:223,6
DA:225,1
DA:228,7
DA:235,7
DA:236,7
DA:240,7
DA:241,7
DA:242,7
DA:247,1
DA:250,7
DA:251,7
DA:257,6
DA:259,1
DA:260,1
DA:262,1
DA:263,1
DA:265,1
DA:266,1
DA:271,1
DA:273,1
DA:274,1
DA:278,52
DA:279,10
DA:280,10
DA:282,10
DA:283,10
DA:284,7
DA:285,7
DA:286,7
DA:289,3
DA:290,3
DA:291,3
DA:292,3
DA:293,3
DA:295,10
DA:299,52
DA:300,10
DA:303,52
DA:304,1
DA:307,52
DA:316,0
DA:319,0
LF:100
LH:93
BRDA:98,0,0,10
BRDA:98,0,1,0
BRDA:98,1,0,10
BRDA:98,1,1,0
BRDA:116,2,0,1
BRDA:116,2,1,5
BRDA:118,3,0,1
BRDA:118,3,1,0
BRDA:119,4,0,1
BRDA:119,4,1,0
BRDA:120,5,0,0
BRDA:120,5,1,0
BRDA:129,6,0,1
BRDA:129,6,1,4
BRDA:131,7,0,1
BRDA:131,7,1,0
BRDA:138,8,0,4
BRDA:138,8,1,0
BRDA:146,9,0,4
BRDA:146,9,1,1
BRDA:152,10,0,3
BRDA:152,10,1,1
BRDA:157,11,0,1
BRDA:157,11,1,3
BRDA:157,12,0,4
BRDA:157,12,1,4
BRDA:159,13,0,1
BRDA:159,13,1,0
BRDA:181,14,0,0
BRDA:181,14,1,0
BRDA:183,15,0,0
BRDA:183,15,1,0
BRDA:208,16,0,2
BRDA:208,16,1,8
BRDA:208,17,0,10
BRDA:208,17,1,8
BRDA:211,18,0,2
BRDA:211,18,1,0
BRDA:219,19,0,7
BRDA:219,19,1,1
BRDA:243,20,0,7
BRDA:243,20,1,6
BRDA:257,21,0,5
BRDA:257,21,1,1
BRDA:260,22,0,0
BRDA:260,22,1,1
BRDA:260,23,0,1
BRDA:260,23,1,1
BRDA:265,24,0,1
BRDA:265,24,1,0
BRDA:289,25,0,3
BRDA:289,25,1,0
BRF:52
BRH:35
end_of_record
TN:
SF:src\services\dashboardStats.ts
FN:22,(anonymous_0)
FN:23,(anonymous_1)
FN:24,(anonymous_2)
FN:25,(anonymous_3)
FN:26,(anonymous_4)
FN:27,(anonymous_5)
FN:33,riskDistribution
FN:46,ageDistribution
FN:48,(anonymous_8)
FN:52,(anonymous_9)
FN:59,genderDistribution
FN:67,(anonymous_11)
FN:71,geographicDistribution
FN:84,(anonymous_13)
FN:94,(anonymous_14)
FN:95,(anonymous_15)
FN:98,(anonymous_16)
FN:105,riskFactorPrevalence
FN:108,(anonymous_18)
FN:110,(anonymous_19)
FN:111,(anonymous_20)
FN:112,(anonymous_21)
FN:113,(anonymous_22)
FN:117,(anonymous_23)
FN:125,workerCaseload
FN:131,(anonymous_25)
FN:131,(anonymous_26)
FN:133,(anonymous_27)
FN:138,(anonymous_28)
FN:143,workerPerformance
FN:148,(anonymous_30)
FN:163,buildDashboardStats
FN:177,(anonymous_32)
FN:178,(anonymous_33)
FNF:34
FNH:34
FNDA:27,(anonymous_0)
FNDA:25,(anonymous_1)
FNDA:15,(anonymous_2)
FNDA:13,(anonymous_3)
FNDA:4,(anonymous_4)
FNDA:2,(anonymous_5)
FNDA:13,riskDistribution
FNDA:19,ageDistribution
FNDA:114,(anonymous_8)
FNDA:86,(anonymous_9)
FNDA:13,genderDistribution
FNDA:18,(anonymous_11)
FNDA:16,geographicDistribution
FNDA:24,(anonymous_13)
FNDA:21,(anonymous_14)
FNDA:9,(anonymous_15)
FNDA:29,(anonymous_16)
FNDA:16,riskFactorPrevalence
FNDA:29,(anonymous_18)
FNDA:29,(anonymous_19)
FNDA:29,(anonymous_20)
FNDA:29,(anonymous_21)
FNDA:29,(anonymous_22)
FNDA:80,(anonymous_23)
FNDA:23,workerCaseload
FNDA:41,(anonymous_25)
FNDA:36,(anonymous_26)
FNDA:40,(anonymous_27)
FNDA:35,(anonymous_28)
FNDA:13,workerPerformance
FNDA:10,(anonymous_30)
FNDA:11,buildDashboardStats
FNDA:24,(anonymous_32)
FNDA:16,(anonymous_33)
DA:21,2
DA:22,27
DA:23,25
DA:24,15
DA:25,13
DA:26,4
DA:27,2
DA:30,2
DA:34,13
DA:36,13
DA:37,27
DA:38,27
DA:42,13
DA:47,19
DA:48,114
DA:51,19
DA:52,86
DA:53,27
DA:56,19
DA:60,13
DA:62,13
DA:63,19
DA:64,19
DA:67,18
DA:75,16
DA:77,16
DA:78,24
DA:79,24
DA:80,24
DA:83,16
DA:84,24
DA:87,16
DA:88,27
DA:89,10
DA:90,10
DA:93,16
DA:94,21
DA:95,9
DA:98,2
DA:99,29
DA:100,29
DA:101,1
DA:106,16
DA:108,29
DA:110,29
DA:111,29
DA:112,29
DA:113,29
DA:116,16
DA:117,80
DA:130,23
DA:131,41
DA:133,40
DA:135,23
DA:138,35
DA:148,13
DA:149,10
DA:150,10
DA:174,11
DA:177,24
DA:178,16
LF:61
LH:61
BRDA:37,0,0,27
BRDA:37,0,1,0
BRDA:37,1,0,27
BRDA:37,1,1,27
BRDA:52,2,0,86
BRDA:52,2,1,0
BRDA:53,3,0,27
BRDA:53,3,1,0
BRDA:63,4,0,19
BRDA:63,4,1,1
BRDA:64,5,0,19
BRDA:64,5,1,18
BRDA:78,6,0,24
BRDA:78,6,1,0
BRDA:84,7,0,24
BRDA:84,7,1,0
BRDA:88,8,0,17
BRDA:88,8,1,10
BRDA:90,9,0,9
BRDA:90,9,1,1
BRDA:90,10,0,10
BRDA:90,10,1,9
BRDA:99,11,0,29
BRDA:99,11,1,28
BRDA:100,12,0,28
BRDA:100,12,1,1
BRDA:101,13,0,1
BRDA:101,13,1,0
BRDA:108,14,0,29
BRDA:108,14,1,21
BRDA:108,15,0,29
BRDA:108,15,1,13
BRDA:108,16,0,21
BRDA:108,16,1,20
BRDA:110,17,0,29
BRDA:110,17,1,29
BRDA:119,18,0,65
BRDA:119,18,1,15
BRDA:155,19,0,9
BRDA:155,19,1,1
BRF:40
BRH:34
end_of_record
TN:
SF:src\services\firestoreService.ts
FN:53,(anonymous_0)
FN:54,(anonymous_1)
FN:62,(anonymous_2)
FN:66,(anonymous_3)
FN:68,(anonymous_4)
FN:73,getHealthWorkers
FN:79,(anonymous_6)
FN:95,(anonymous_7)
FN:96,(anonymous_8)
FN:106,(anonymous_9)
FN:116,createHealthWorker
FN:128,toggleUserStatus
FN:133,getPatients
FN:142,(anonymous_13)
FN:184,getPatient
FN:189,addPatient
FN:198,updatePatient
FN:204,setPatient
FN:221,deletePatient
FN:226,getScreenings
FN:232,(anonymous_20)
FN:237,addScreening
FN:246,updateScreening
FN:251,getScreening
FN:257,getAppointments
FN:267,(anonymous_25)
FN:272,getAppointmentsForPatient
FN:276,(anonymous_27)
FN:281,addAppointment
FN:299,getDashboardStats
FN:305,(anonymous_30)
FN:306,(anonymous_31)
FNF:32
FNH:24
FNDA:6,(anonymous_0)
FNDA:20,(anonymous_1)
FNDA:87,(anonymous_2)
FNDA:14,(anonymous_3)
FNDA:11,(anonymous_4)
FNDA:11,getHealthWorkers
FNDA:11,(anonymous_6)
FNDA:18,(anonymous_7)
FNDA:18,(anonymous_8)
FNDA:11,(anonymous_9)
FNDA:0,createHealthWorker
FNDA:0,toggleUserStatus
FNDA:13,getPatients
FNDA:19,(anonymous_13)
FNDA:2,getPatient
FNDA:2,addPatient
FNDA:0,updatePatient
FNDA:2,setPatient
FNDA:1,deletePatient
FNDA:9,getScreenings
FNDA:16,(anonymous_20)
FNDA:2,addScreening
FNDA:0,updateScreening
FNDA:0,getScreening
FNDA:1,getAppointments
FNDA:2,(anonymous_25)
FNDA:0,getAppointmentsForPatient
FNDA:0,(anonymous_27)
FNDA:0,addAppointment
FNDA:8,getDashboardStats
FNDA:8,(anonymous_30)
FNDA:14,(anonymous_31)
DA:53,1
DA:54,6
DA:55,20
DA:56,17
DA:58,20
DA:62,1
DA:63,87
DA:66,1
DA:67,14
DA:68,11
DA:71,1
DA:74,11
DA:75,11
DA:78,11
DA:80,11
DA:87,11
DA:88,11
DA:90,11
DA:91,11
DA:95,18
DA:96,18
DA:100,1
DA:106,11
DA:111,0
DA:112,0
DA:119,0
DA:125,0
DA:129,0
DA:134,13
DA:141,13
DA:142,19
DA:144,13
DA:146,1
DA:151,12
DA:152,12
DA:156,11
DA:157,11
DA:158,16
DA:161,11
DA:162,3
DA:164,2
DA:165,2
DA:177,11
DA:179,1
DA:180,1
DA:185,2
DA:186,2
DA:190,2
DA:191,2
DA:195,2
DA:199,0
DA:200,0
DA:205,2
DA:206,2
DA:207,2
DA:209,2
DA:210,1
DA:212,1
DA:218,2
DA:222,1
DA:227,9
DA:231,9
DA:232,16
DA:234,9
DA:238,2
DA:239,2
DA:243,2
DA:247,0
DA:248,0
DA:252,0
DA:253,0
DA:259,1
DA:266,1
DA:267,2
DA:269,1
DA:273,0
DA:276,0
DA:278,0
DA:284,0
DA:285,0
DA:289,0
DA:300,8
DA:306,14
DA:310,8
DA:312,8
LF:85
LH:68
BRDA:55,0,0,17
BRDA:55,0,1,3
BRDA:134,1,0,1
BRDA:134,1,1,12
BRDA:144,2,0,1
BRDA:144,2,1,12
BRDA:158,3,0,16
BRDA:158,3,1,0
BRDA:162,4,0,1
BRDA:162,4,1,2
BRDA:167,5,0,2
BRDA:167,5,1,1
BRDA:168,6,0,3
BRDA:168,6,1,2
BRDA:169,7,0,3
BRDA:169,7,1,2
BRDA:170,8,0,3
BRDA:170,8,1,2
BRDA:171,9,0,3
BRDA:171,9,1,2
BRDA:172,10,0,3
BRDA:172,10,1,2
BRDA:173,11,0,3
BRDA:173,11,1,1
BRDA:186,12,0,1
BRDA:186,12,1,1
BRDA:209,13,0,1
BRDA:209,13,1,1
BRDA:227,14,0,1
BRDA:227,14,1,8
BRDA:234,15,0,1
BRDA:234,15,1,8
BRDA:253,16,0,0
BRDA:253,16,1,0
BRDA:259,17,0,1
BRDA:259,17,1,0
BRDA:303,18,0,0
BRDA:303,18,1,8
BRF:38
BRH:33
end_of_record
TN:
SF:src\services\syncService.ts
FN:31,errorMessage
FN:39,toFloat
FN:45,toInt
FN:50,toText
FN:60,setToken
FN:64,isOnline
FN:69,subscribe
FN:71,(anonymous_7)
FN:74,notifyListeners
FN:75,(anonymous_9)
FN:79,savePatientLocally
FN:107,saveScreeningLocally
FN:144,syncAll
FN:179,(anonymous_13)
FN:240,(anonymous_14)
FN:247,syncPatient
FN:266,syncScreening
FN:293,getPendingCount
FN:298,getLocalStats
FNF:19
FNH:19
FNDA:3,errorMessage
FNDA:32,toFloat
FNDA:16,toInt
FNDA:12,toText
FNDA:28,setToken
FNDA:18,isOnline
FNDA:3,subscribe
FNDA:3,(anonymous_7)
FNDA:29,notifyListeners
FNDA:5,(anonymous_9)
FNDA:4,savePatientLocally
FNDA:4,saveScreeningLocally
FNDA:17,syncAll
FNDA:1,(anonymous_13)
FNDA:1,(anonymous_14)
FNDA:7,syncPatient
FNDA:2,syncScreening
FNDA:1,getPendingCount
FNDA:1,getLocalStats
DA:32,3
DA:40,32
DA:41,8
DA:42,32
DA:46,16
DA:47,16
DA:51,12
DA:52,0
DA:56,1
DA:57,1
DA:58,1
DA:61,28
DA:65,18
DA:70,3
DA:71,3
DA:75,29
DA:80,4
DA:81,4
DA:94,4
DA:95,4
DA:102,4
DA:103,4
DA:111,4
DA:112,4
DA:131,4
DA:132,4
DA:139,4
DA:140,4
DA:145,17
DA:146,1
DA:147,1
DA:150,16
DA:151,1
DA:152,1
DA:155,15
DA:156,1
DA:157,1
DA:160,14
DA:161,14
DA:163,14
DA:170,14
DA:171,14
DA:172,14
DA:175,14
DA:178,14
DA:179,14
DA:180,1
DA:181,1
DA:185,14
DA:186,10
DA:187,10
DA:188,7
DA:189,4
DA:190,4
DA:191,4
DA:192,4
DA:193,4
DA:195,3
DA:197,3
DA:198,3
DA:201,3
DA:202,1
DA:203,1
DA:206,3
DA:208,1
DA:209,1
DA:212,2
DA:213,2
DA:214,2
DA:215,2
DA:216,2
DA:220,3
DA:221,3
DA:222,3
DA:223,3
DA:224,3
DA:225,3
DA:226,3
DA:227,3
DA:231,14
DA:232,14
DA:234,0
DA:235,0
DA:236,0
DA:237,0
DA:239,14
DA:240,14
DA:243,14
DA:244,14
DA:248,7
DA:257,7
DA:258,3
DA:259,3
DA:262,4
DA:263,4
DA:269,2
DA:271,2
DA:283,2
DA:284,0
DA:285,0
DA:288,2
DA:289,2
DA:294,1
DA:303,1
DA:309,1
DA:318,1
LF:106
LH:99
BRDA:32,0,0,3
BRDA:32,0,1,0
BRDA:40,1,0,24
BRDA:40,1,1,8
BRDA:40,2,0,32
BRDA:40,2,1,9
BRDA:40,2,2,9
BRDA:41,3,0,0
BRDA:41,3,1,8
BRDA:42,4,0,1
BRDA:42,4,1,7
BRDA:47,5,0,10
BRDA:47,5,1,6
BRDA:51,6,0,12
BRDA:51,6,1,0
BRDA:51,7,0,12
BRDA:51,7,1,0
BRDA:51,7,2,0
BRDA:85,8,0,4
BRDA:85,8,1,0
BRDA:86,9,0,4
BRDA:86,9,1,1
BRDA:87,10,0,4
BRDA:87,10,1,3
BRDA:88,11,0,4
BRDA:88,11,1,3
BRDA:89,12,0,1
BRDA:89,12,1,3
BRDA:145,13,0,1
BRDA:145,13,1,16
BRDA:150,14,0,1
BRDA:150,14,1,15
BRDA:155,15,0,1
BRDA:155,15,1,14
BRDA:180,16,0,1
BRDA:180,16,1,0
BRDA:187,17,0,7
BRDA:187,17,1,3
BRDA:189,18,0,4
BRDA:189,18,1,0
BRDA:195,19,0,3
BRDA:195,19,1,0
BRDA:201,20,0,1
BRDA:201,20,1,2
BRDA:206,21,0,1
BRDA:206,21,1,2
BRDA:213,22,0,2
BRDA:213,22,1,0
BRDA:232,23,0,11
BRDA:232,23,1,3
BRDA:257,24,0,3
BRDA:257,24,1,4
BRDA:259,25,0,3
BRDA:259,25,1,0
BRDA:283,26,0,0
BRDA:283,26,1,2
BRDA:285,27,0,0
BRDA:285,27,1,0
BRF:58
BRH:44
end_of_record
TN:
SF:src\services\types.ts
FNF:0
FNH:0
LF:0
LH:0
BRF:0
BRH:0
end_of_record
