TN:
SF:src\App.tsx
FN:42,(anonymous_0)
FN:62,(anonymous_1)
FN:82,(anonymous_2)
FN:102,(anonymous_3)
FN:125,App
FNF:5
FNH:0
FNDA:0,(anonymous_0)
FNDA:0,(anonymous_1)
FNDA:0,(anonymous_2)
FNDA:0,(anonymous_3)
FNDA:0,App
DA:20,0
DA:42,0
DA:43,0
DA:45,0
DA:46,0
DA:53,0
DA:54,0
DA:55,0
DA:56,0
DA:58,0
DA:62,0
DA:63,0
DA:65,0
DA:66,0
DA:73,0
DA:74,0
DA:75,0
DA:76,0
DA:78,0
DA:82,0
DA:83,0
DA:85,0
DA:86,0
DA:93,0
DA:94,0
DA:95,0
DA:96,0
DA:98,0
DA:102,0
DA:103,0
DA:105,0
DA:106,0
DA:113,0
DA:114,0
DA:115,0
DA:116,0
DA:117,0
DA:120,0
DA:126,0
LF:39
LH:0
BRDA:45,0,0,0
BRDA:45,0,1,0
BRDA:53,1,0,0
BRDA:53,1,1,0
BRDA:54,2,0,0
BRDA:54,2,1,0
BRDA:55,3,0,0
BRDA:55,3,1,0
BRDA:56,4,0,0
BRDA:56,4,1,0
BRDA:65,5,0,0
BRDA:65,5,1,0
BRDA:73,6,0,0
BRDA:73,6,1,0
BRDA:74,7,0,0
BRDA:74,7,1,0
BRDA:75,8,0,0
BRDA:75,8,1,0
BRDA:76,9,0,0
BRDA:76,9,1,0
BRDA:85,10,0,0
BRDA:85,10,1,0
BRDA:93,11,0,0
BRDA:93,11,1,0
BRDA:94,12,0,0
BRDA:94,12,1,0
BRDA:95,13,0,0
BRDA:95,13,1,0
BRDA:96,14,0,0
BRDA:96,14,1,0
BRDA:105,15,0,0
BRDA:105,15,1,0
BRDA:113,16,0,0
BRDA:113,16,1,0
BRDA:114,17,0,0
BRDA:114,17,1,0
BRDA:115,18,0,0
BRDA:115,18,1,0
BRDA:116,19,0,0
BRDA:116,19,1,0
BRF:40
BRH:0
end_of_record
TN:
SF:src\components\Footer.tsx
FN:5,Footer
FN:23,(anonymous_1)
FN:32,(anonymous_2)
FNF:3
FNH:0
FNDA:0,Footer
FNDA:0,(anonymous_1)
FNDA:0,(anonymous_2)
DA:6,0
DA:7,0
DA:23,0
DA:32,0
LF:4
LH:0
BRDA:112,0,0,0
BRDA:112,0,1,0
BRDA:113,1,0,0
BRDA:113,1,1,0
BRDA:114,2,0,0
BRDA:114,2,1,0
BRF:6
BRH:0
end_of_record
TN:
SF:src\components\OfflineIndicator.tsx
FN:7,OfflineIndicator
FN:12,(anonymous_1)
FN:16,(anonymous_2)
FN:19,(anonymous_3)
FN:129,OfflineStatusBadge
FNF:5
FNH:0
FNDA:0,OfflineIndicator
FNDA:0,(anonymous_1)
FNDA:0,(anonymous_2)
FNDA:0,(anonymous_3)
FNDA:0,OfflineStatusBadge
DA:8,0
DA:9,0
DA:10,0
DA:12,0
DA:14,0
DA:15,0
DA:16,0
DA:17,0
DA:19,0
DA:21,0
DA:24,0
DA:130,0
DA:132,0
DA:133,0
DA:136,0
LF:15
LH:0
BRDA:14,0,0,0
BRDA:14,0,1,0
BRDA:14,1,0,0
BRDA:14,1,1,0
BRDA:28,2,0,0
BRDA:28,2,1,0
BRDA:40,3,0,0
BRDA:40,3,1,0
BRDA:57,4,0,0
BRDA:57,4,1,0
BRDA:57,4,2,0
BRDA:66,5,0,0
BRDA:66,5,1,0
BRDA:76,6,0,0
BRDA:76,6,1,0
BRDA:86,7,0,0
BRDA:86,7,1,0
BRDA:110,8,0,0
BRDA:110,8,1,0
BRDA:110,8,2,0
BRDA:110,8,3,0
BRDA:132,9,0,0
BRDA:132,9,1,0
BRDA:132,10,0,0
BRDA:132,10,1,0
BRDA:132,10,2,0
BRDA:138,11,0,0
BRDA:138,11,1,0
BRDA:143,12,0,0
BRDA:143,12,1,0
BRDA:145,13,0,0
BRDA:145,13,1,0
BRF:32
BRH:0
end_of_record
TN:
SF:src\components\layout\DashboardLayout.tsx
FN:29,DashboardLayout
FN:36,(anonymous_1)
FN:40,(anonymous_2)
FN:63,(anonymous_3)
FN:92,(anonymous_4)
FN:133,(anonymous_5)
FN:145,(anonymous_6)
FN:192,(anonymous_7)
FN:195,(anonymous_8)
FN:207,(anonymous_9)
FN:226,(anonymous_10)
FNF:11
FNH:0
FNDA:0,DashboardLayout
FNDA:0,(anonymous_1)
FNDA:0,(anonymous_2)
FNDA:0,(anonymous_3)
FNDA:0,(anonymous_4)
FNDA:0,(anonymous_5)
FNDA:0,(anonymous_6)
FNDA:0,(anonymous_7)
FNDA:0,(anonymous_8)
FNDA:0,(anonymous_9)
FNDA:0,(anonymous_10)
DA:21,0
DA:30,0
DA:31,0
DA:32,0
DA:33,0
DA:34,0
DA:36,0
DA:37,0
DA:40,0
DA:41,0
DA:42,0
DA:43,0
DA:46,0
DA:64,0
DA:65,0
DA:92,0
DA:133,0
DA:145,0
DA:193,0
DA:194,0
DA:195,0
DA:207,0
DA:226,0
LF:23
LH:0
BRDA:64,0,0,0
BRDA:64,0,1,0
BRDA:69,1,0,0
BRDA:69,1,1,0
BRDA:85,2,0,0
BRDA:85,2,1,0
BRDA:88,3,0,0
BRDA:88,3,1,0
BRDA:97,4,0,0
BRDA:97,4,1,0
BRDA:97,5,0,0
BRDA:97,5,1,0
BRDA:127,6,0,0
BRDA:127,6,1,0
BRDA:155,7,0,0
BRDA:155,7,1,0
BRDA:155,8,0,0
BRDA:155,8,1,0
BRDA:159,9,0,0
BRDA:159,9,1,0
BRDA:161,10,0,0
BRDA:161,10,1,0
BRDA:173,11,0,0
BRDA:173,11,1,0
BRDA:184,12,0,0
BRDA:184,12,1,0
BRDA:196,13,0,0
BRDA:196,13,1,0
BRF:28
BRH:0
end_of_record
TN:
SF:src\components\layout\OfficerLayout.tsx
FN:18,OfficerLayout
FN:25,(anonymous_1)
FN:29,(anonymous_2)
FN:50,(anonymous_3)
FN:76,(anonymous_4)
FN:118,(anonymous_5)
FN:136,(anonymous_6)
FN:198,(anonymous_7)
FN:205,(anonymous_8)
FN:244,(anonymous_9)
FNF:10
FNH:0
FNDA:0,OfficerLayout
FNDA:0,(anonymous_1)
FNDA:0,(anonymous_2)
FNDA:0,(anonymous_3)
FNDA:0,(anonymous_4)
FNDA:0,(anonymous_5)
FNDA:0,(anonymous_6)
FNDA:0,(anonymous_7)
FNDA:0,(anonymous_8)
FNDA:0,(anonymous_9)
DA:10,0
DA:19,0
DA:20,0
DA:21,0
DA:22,0
DA:23,0
DA:25,0
DA:26,0
DA:29,0
DA:30,0
DA:31,0
DA:32,0
DA:35,0
DA:51,0
DA:52,0
DA:53,0
DA:76,0
DA:118,0
DA:136,0
DA:199,0
DA:200,0
DA:201,0
DA:205,0
DA:244,0
LF:24
LH:0
BRDA:52,0,0,0
BRDA:52,0,1,0
BRDA:57,1,0,0
BRDA:57,1,1,0
BRDA:72,2,0,0
BRDA:72,2,1,0
BRDA:81,3,0,0
BRDA:81,3,1,0
BRDA:81,4,0,0
BRDA:81,4,1,0
BRDA:111,5,0,0
BRDA:111,5,1,0
BRDA:150,6,0,0
BRDA:150,6,1,0
BRDA:150,7,0,0
BRDA:150,7,1,0
BRDA:155,8,0,0
BRDA:155,8,1,0
BRDA:158,9,0,0
BRDA:158,9,1,0
BRDA:172,10,0,0
BRDA:172,10,1,0
BRDA:186,11,0,0
BRDA:186,11,1,0
BRDA:200,12,0,0
BRDA:200,12,1,0
BRDA:209,13,0,0
BRDA:209,13,1,0
BRF:28
BRH:0
end_of_record
TN:
SF:src\components\layout\PatientLayout.tsx
FN:10,PatientLayout
FN:17,(anonymous_1)
FN:21,(anonymous_2)
FN:48,(anonymous_3)
FN:73,(anonymous_4)
FN:104,(anonymous_5)
FN:122,(anonymous_6)
FN:184,(anonymous_7)
FN:191,(anonymous_8)
FN:230,(anonymous_9)
FNF:10
FNH:0
FNDA:0,PatientLayout
FNDA:0,(anonymous_1)
FNDA:0,(anonymous_2)
FNDA:0,(anonymous_3)
FNDA:0,(anonymous_4)
FNDA:0,(anonymous_5)
FNDA:0,(anonymous_6)
FNDA:0,(anonymous_7)
FNDA:0,(anonymous_8)
FNDA:0,(anonymous_9)
DA:11,0
DA:12,0
DA:13,0
DA:14,0
DA:15,0
DA:17,0
DA:18,0
DA:21,0
DA:22,0
DA:23,0
DA:24,0
DA:27,0
DA:33,0
DA:49,0
DA:50,0
DA:51,0
DA:73,0
DA:104,0
DA:122,0
DA:185,0
DA:186,0
DA:187,0
DA:191,0
DA:230,0
LF:24
LH:0
BRDA:50,0,0,0
BRDA:50,0,1,0
BRDA:55,1,0,0
BRDA:55,1,1,0
BRDA:69,2,0,0
BRDA:69,2,1,0
BRDA:78,3,0,0
BRDA:78,3,1,0
BRDA:78,4,0,0
BRDA:78,4,1,0
BRDA:97,5,0,0
BRDA:97,5,1,0
BRDA:136,6,0,0
BRDA:136,6,1,0
BRDA:136,7,0,0
BRDA:136,7,1,0
BRDA:141,8,0,0
BRDA:141,8,1,0
BRDA:144,9,0,0
BRDA:144,9,1,0
BRDA:158,10,0,0
BRDA:158,10,1,0
BRDA:172,11,0,0
BRDA:172,11,1,0
BRDA:186,12,0,0
BRDA:186,12,1,0
BRDA:195,13,0,0
BRDA:195,13,1,0
BRF:28
BRH:0
end_of_record
TN:
SF:src\components\layout\PublicLayout.tsx
FN:10,PublicLayout
FN:16,(anonymous_1)
FN:45,(anonymous_2)
FN:62,(anonymous_3)
FN:106,(anonymous_4)
FN:121,(anonymous_5)
FN:134,(anonymous_6)
FN:138,(anonymous_7)
FN:149,(anonymous_8)
FN:158,(anonymous_9)
FN:165,(anonymous_10)
FNF:11
FNH:0
FNDA:0,PublicLayout
FNDA:0,(anonymous_1)
FNDA:0,(anonymous_2)
FNDA:0,(anonymous_3)
FNDA:0,(anonymous_4)
FNDA:0,(anonymous_5)
FNDA:0,(anonymous_6)
FNDA:0,(anonymous_7)
FNDA:0,(anonymous_8)
FNDA:0,(anonymous_9)
FNDA:0,(anonymous_10)
DA:11,0
DA:12,0
DA:13,0
DA:14,0
DA:16,0
DA:17,0
DA:18,0
DA:19,0
DA:20,0
DA:23,0
DA:46,0
DA:62,0
DA:106,0
DA:121,0
DA:135,0
DA:138,0
DA:149,0
DA:158,0
DA:165,0
LF:19
LH:0
BRDA:13,0,0,0
BRDA:13,0,1,0
BRDA:17,1,0,0
BRDA:17,1,1,0
BRDA:18,2,0,0
BRDA:18,2,1,0
BRDA:19,3,0,0
BRDA:19,3,1,0
BRDA:38,4,0,0
BRDA:38,4,1,0
BRDA:59,5,0,0
BRDA:59,5,1,0
BRDA:64,6,0,0
BRDA:64,6,1,0
BRDA:68,7,0,0
BRDA:68,7,1,0
BRDA:77,8,0,0
BRDA:77,8,1,0
BRDA:84,9,0,0
BRDA:84,9,1,0
BRDA:99,10,0,0
BRDA:99,10,1,0
BRDA:99,10,2,0
BRDA:148,11,0,0
BRDA:148,11,1,0
BRDA:157,12,0,0
BRDA:157,12,1,0
BRDA:164,13,0,0
BRDA:164,13,1,0
BRF:29
BRH:0
end_of_record
TN:
SF:src\components\screening\AIAnalysisModal.tsx
FN:16,AIAnalysisModal
FN:25,(anonymous_1)
FN:26,(anonymous_2)
FN:32,(anonymous_3)
FN:35,(anonymous_4)
FN:39,(anonymous_5)
FN:40,(anonymous_6)
FN:47,(anonymous_7)
FN:50,(anonymous_8)
FN:56,(anonymous_9)
FN:61,(anonymous_10)
FN:70,(anonymous_11)
FN:82,(anonymous_12)
FN:96,(anonymous_13)
FN:100,(anonymous_14)
FN:108,(anonymous_15)
FN:112,(anonymous_16)
FN:117,(anonymous_17)
FN:129,(anonymous_18)
FN:228,(anonymous_19)
FN:239,(anonymous_20)
FN:317,(anonymous_21)
FN:339,(anonymous_22)
FN:357,(anonymous_23)
FN:372,(anonymous_24)
FNF:25
FNH:0
FNDA:0,AIAnalysisModal
FNDA:0,(anonymous_1)
FNDA:0,(anonymous_2)
FNDA:0,(anonymous_3)
FNDA:0,(anonymous_4)
FNDA:0,(anonymous_5)
FNDA:0,(anonymous_6)
FNDA:0,(anonymous_7)
FNDA:0,(anonymous_8)
FNDA:0,(anonymous_9)
FNDA:0,(anonymous_10)
FNDA:0,(anonymous_11)
FNDA:0,(anonymous_12)
FNDA:0,(anonymous_13)
FNDA:0,(anonymous_14)
FNDA:0,(anonymous_15)
FNDA:0,(anonymous_16)
FNDA:0,(anonymous_17)
FNDA:0,(anonymous_18)
FNDA:0,(anonymous_19)
FNDA:0,(anonymous_20)
FNDA:0,(anonymous_21)
FNDA:0,(anonymous_22)
FNDA:0,(anonymous_23)
FNDA:0,(anonymous_24)
DA:17,0
DA:18,0
DA:19,0
DA:20,0
DA:21,0
DA:22,0
DA:25,0
DA:26,0
DA:27,0
DA:28,0
DA:30,0
DA:31,0
DA:32,0
DA:35,0
DA:36,0
DA:39,0
DA:40,0
DA:41,0
DA:42,0
DA:43,0
DA:47,0
DA:49,0
DA:50,0
DA:51,0
DA:52,0
DA:56,0
DA:59,0
DA:61,0
DA:62,0
DA:63,0
DA:64,0
DA:65,0
DA:66,0
DA:70,0
DA:72,0
DA:76,0
DA:77,0
DA:80,0
DA:82,0
DA:83,0
DA:84,0
DA:87,0
DA:89,0
DA:92,0
DA:93,0
DA:96,0
DA:98,0
DA:100,0
DA:103,0
DA:104,0
DA:105,0
DA:106,0
DA:108,0
DA:109,0
DA:110,0
DA:112,0
DA:113,0
DA:114,0
DA:115,0
DA:117,0
DA:118,0
DA:119,0
DA:120,0
DA:121,0
DA:124,0
DA:125,0
DA:129,0
DA:130,0
DA:131,0
DA:139,0
DA:147,0
DA:155,0
DA:166,0
DA:168,0
DA:184,0
DA:189,0
DA:228,0
DA:239,0
DA:318,0
DA:340,0
DA:358,0
DA:372,0
LF:82
LH:0
BRDA:16,0,0,0
BRDA:28,1,0,0
BRDA:28,1,1,0
BRDA:49,2,0,0
BRDA:49,2,1,0
BRDA:51,3,0,0
BRDA:51,3,1,0
BRDA:51,4,0,0
BRDA:51,4,1,0
BRDA:59,5,0,0
BRDA:59,5,1,0
BRDA:59,6,0,0
BRDA:59,6,1,0
BRDA:62,7,0,0
BRDA:62,7,1,0
BRDA:72,8,0,0
BRDA:72,8,1,0
BRDA:74,9,0,0
BRDA:74,9,1,0
BRDA:74,10,0,0
BRDA:74,10,1,0
BRDA:74,11,0,0
BRDA:74,11,1,0
BRDA:77,12,0,0
BRDA:77,12,1,0
BRDA:84,13,0,0
BRDA:84,13,1,0
BRDA:89,14,0,0
BRDA:89,14,1,0
BRDA:92,15,0,0
BRDA:92,15,1,0
BRDA:93,16,0,0
BRDA:93,16,1,0
BRDA:93,16,2,0
BRDA:93,16,3,0
BRDA:96,17,0,0
BRDA:96,17,1,0
BRDA:96,17,2,0
BRDA:98,18,0,0
BRDA:98,18,1,0
BRDA:98,18,2,0
BRDA:103,19,0,0
BRDA:103,19,1,0
BRDA:130,20,0,0
BRDA:130,20,1,0
BRDA:130,20,2,0
BRDA:130,20,3,0
BRDA:137,21,0,0
BRDA:137,21,1,0
BRDA:145,22,0,0
BRDA:145,22,1,0
BRDA:153,23,0,0
BRDA:153,23,1,0
BRDA:191,24,0,0
BRDA:191,24,1,0
BRDA:211,25,0,0
BRDA:211,25,1,0
BRDA:213,26,0,0
BRDA:213,26,1,0
BRDA:217,27,0,0
BRDA:217,27,1,0
BRDA:231,28,0,0
BRDA:231,28,1,0
BRDA:242,29,0,0
BRDA:242,29,1,0
BRDA:269,30,0,0
BRDA:269,30,1,0
BRDA:277,31,0,0
BRDA:277,31,1,0
BRDA:284,32,0,0
BRDA:284,32,1,0
BRDA:284,33,0,0
BRDA:284,33,1,0
BRDA:285,34,0,0
BRDA:285,34,1,0
BRDA:285,35,0,0
BRDA:285,35,1,0
BRDA:296,36,0,0
BRDA:296,36,1,0
BRDA:300,37,0,0
BRDA:300,37,1,0
BRDA:300,38,0,0
BRDA:300,38,1,0
BRDA:306,39,0,0
BRDA:306,39,1,0
BRDA:312,40,0,0
BRDA:312,40,1,0
BRDA:317,41,0,0
BRDA:317,41,1,0
BRDA:317,42,0,0
BRDA:317,42,1,0
BRDA:318,43,0,0
BRDA:318,43,1,0
BRDA:335,44,0,0
BRDA:335,44,1,0
BRDA:339,45,0,0
BRDA:339,45,1,0
BRDA:339,46,0,0
BRDA:339,46,1,0
BRDA:353,47,0,0
BRDA:353,47,1,0
BRDA:357,48,0,0
BRDA:357,48,1,0
BRDA:357,49,0,0
BRDA:357,49,1,0
BRDA:376,50,0,0
BRDA:376,50,1,0
BRDA:379,51,0,0
BRDA:379,51,1,0
BRDA:396,52,0,0
BRDA:396,52,1,0
BRF:111
BRH:0
end_of_record
TN:
SF:src\components\screening\InitialScanStep.tsx
FN:13,InitialScanStep
FN:22,(anonymous_1)
FN:39,(anonymous_2)
FN:83,(anonymous_3)
FN:137,(anonymous_4)
FNF:5
FNH:0
FNDA:0,InitialScanStep
FNDA:0,(anonymous_1)
FNDA:0,(anonymous_2)
FNDA:0,(anonymous_3)
FNDA:0,(anonymous_4)
DA:14,0
DA:15,0
DA:16,0
DA:17,0
DA:18,0
DA:19,0
DA:20,0
DA:22,0
DA:23,0
DA:24,0
DA:26,0
DA:27,0
DA:29,0
DA:30,0
DA:31,0
DA:33,0
DA:34,0
DA:35,0
DA:39,0
DA:40,0
DA:42,0
DA:43,0
DA:45,0
DA:46,0
DA:48,0
DA:49,0
DA:54,0
DA:55,0
DA:56,0
DA:59,0
DA:61,0
DA:63,0
DA:64,0
DA:67,0
DA:71,0
DA:83,0
DA:137,0
LF:37
LH:0
BRDA:24,0,0,0
BRDA:24,0,1,0
BRDA:29,1,0,0
BRDA:29,1,1,0
BRDA:40,2,0,0
BRDA:40,2,1,0
BRDA:54,3,0,0
BRDA:54,3,1,0
BRDA:56,4,0,0
BRDA:56,4,1,0
BRDA:64,5,0,0
BRDA:64,5,1,0
BRDA:81,6,0,0
BRDA:81,6,1,0
BRDA:102,7,0,0
BRDA:102,7,1,0
BRDA:112,8,0,0
BRDA:112,8,1,0
BRDA:134,9,0,0
BRDA:134,9,1,0
BRDA:155,10,0,0
BRDA:155,10,1,0
BRF:22
BRH:0
end_of_record
TN:
SF:src\components\screening\LabResultsUploadForm.tsx
FN:18,LabResultsUploadForm
FN:24,(anonymous_1)
FN:51,(anonymous_2)
FN:62,(anonymous_3)
FN:78,(anonymous_4)
FN:88,(anonymous_5)
FN:119,(anonymous_6)
FN:128,(anonymous_7)
FN:172,(anonymous_8)
FNF:9
FNH:0
FNDA:0,LabResultsUploadForm
FNDA:0,(anonymous_1)
FNDA:0,(anonymous_2)
FNDA:0,(anonymous_3)
FNDA:0,(anonymous_4)
FNDA:0,(anonymous_5)
FNDA:0,(anonymous_6)
FNDA:0,(anonymous_7)
FNDA:0,(anonymous_8)
DA:19,0
DA:20,0
DA:21,0
DA:22,0
DA:24,0
DA:25,0
DA:26,0
DA:28,0
DA:29,0
DA:31,0
DA:32,0
DA:33,0
DA:34,0
DA:36,0
DA:41,0
DA:42,0
DA:43,0
DA:46,0
DA:47,0
DA:50,0
DA:51,0
DA:52,0
DA:53,0
DA:54,0
DA:56,0
DA:61,0
DA:62,0
DA:63,0
DA:64,0
DA:65,0
DA:69,0
DA:72,0
DA:74,0
DA:78,0
DA:79,0
DA:88,0
DA:101,0
DA:119,0
DA:128,0
DA:172,0
LF:40
LH:0
BRDA:26,0,0,0
BRDA:26,0,1,0
BRDA:41,1,0,0
BRDA:41,1,1,0
BRDA:43,2,0,0
BRDA:43,2,1,0
BRDA:46,3,0,0
BRDA:46,3,1,0
BRDA:48,4,0,0
BRDA:48,4,1,0
BRDA:48,4,2,0
BRDA:48,4,3,0
BRDA:50,5,0,0
BRDA:50,5,1,0
BRDA:52,6,0,0
BRDA:52,6,1,0
BRDA:63,7,0,0
BRDA:63,7,1,0
BRDA:63,8,0,0
BRDA:63,8,1,0
BRDA:63,8,2,0
BRDA:64,9,0,0
BRDA:64,9,1,0
BRDA:78,10,0,0
BRDA:80,11,0,0
BRDA:80,11,1,0
BRDA:87,12,0,0
BRDA:87,12,1,0
BRDA:90,13,0,0
BRDA:90,13,1,0
BRDA:94,14,0,0
BRDA:94,14,1,0
BRDA:104,15,0,0
BRDA:104,15,1,0
BRDA:110,16,0,0
BRDA:110,16,1,0
BRDA:113,17,0,0
BRDA:113,17,1,0
BRDA:131,18,0,0
BRDA:131,18,1,0
BRDA:138,19,0,0
BRDA:138,19,1,0
BRDA:159,20,0,0
BRDA:159,20,1,0
BRF:44
BRH:0
end_of_record
TN:
SF:src\components\screening\LifestyleSurveyForm.tsx
FN:13,LifestyleSurveyForm
FN:39,(anonymous_1)
FN:66,(anonymous_2)
FN:93,(anonymous_3)
FNF:4
FNH:0
FNDA:0,LifestyleSurveyForm
FNDA:0,(anonymous_1)
FNDA:0,(anonymous_2)
FNDA:0,(anonymous_3)
DA:14,0
DA:16,0
DA:39,0
DA:66,0
DA:93,0
LF:5
LH:0
BRDA:22,0,0,0
BRDA:22,0,1,0
BRDA:23,1,0,0
BRDA:23,1,1,0
BRDA:38,2,0,0
BRDA:38,2,1,0
BRDA:65,3,0,0
BRDA:65,3,1,0
BRDA:92,4,0,0
BRDA:92,4,1,0
BRF:10
BRH:0
end_of_record
TN:
SF:src\components\screening\NameVerificationBanner.tsx
FN:18,NameVerificationBanner
FNF:1
FNH:1
FNDA:6,NameVerificationBanner
DA:23,6
DA:25,5
DA:27,5
DA:28,3
DA:56,2
LF:5
LH:5
BRDA:23,0,0,1
BRDA:23,0,1,5
BRDA:27,1,0,3
BRDA:27,1,1,2
BRDA:34,2,0,2
BRDA:34,2,1,1
BRDA:39,3,0,2
BRDA:39,3,1,1
BRDA:62,4,0,2
BRDA:62,4,1,0
BRDA:67,5,0,2
BRDA:67,5,1,0
BRDA:87,6,0,2
BRDA:87,6,1,0
BRF:14
BRH:11
end_of_record
TN:
SF:src\components\screening\PatientDemographicsForm.tsx
FN:14,PatientDemographicsForm
FN:32,(anonymous_1)
FN:43,(anonymous_2)
FN:52,(anonymous_3)
FN:69,(anonymous_4)
FN:79,(anonymous_5)
FNF:6
FNH:0
FNDA:0,PatientDemographicsForm
FNDA:0,(anonymous_1)
FNDA:0,(anonymous_2)
FNDA:0,(anonymous_3)
FNDA:0,(anonymous_4)
FNDA:0,(anonymous_5)
DA:15,0
DA:17,0
DA:32,0
DA:43,0
DA:52,0
DA:69,0
DA:79,0
LF:7
LH:0
BRDA:23,0,0,0
BRDA:23,0,1,0
BRDA:24,1,0,0
BRDA:24,1,1,0
BRDA:31,2,0,0
BRDA:31,2,1,0
BRDA:33,3,0,0
BRDA:33,3,1,0
BRDA:42,4,0,0
BRDA:42,4,1,0
BRDA:51,5,0,0
BRDA:51,5,1,0
BRDA:68,6,0,0
BRDA:68,6,1,0
BRDA:78,7,0,0
BRDA:78,7,1,0
BRF:16
BRH:0
end_of_record
TN:
SF:src\components\screening\RiskAssessmentReview.tsx
FN:10,RiskAssessmentReview
FNF:1
FNH:0
FNDA:0,RiskAssessmentReview
DA:11,0
DA:13,0
LF:2
LH:0
BRDA:31,0,0,0
BRDA:31,0,1,0
BRDA:39,1,0,0
BRDA:39,1,1,0
BRDA:59,2,0,0
BRDA:59,2,1,0
BRDA:59,3,0,0
BRDA:59,3,1,0
BRDA:66,4,0,0
BRDA:66,4,1,0
BRDA:81,5,0,0
BRDA:81,5,1,0
BRDA:85,6,0,0
BRDA:85,6,1,0
BRDA:89,7,0,0
BRDA:89,7,1,0
BRDA:90,8,0,0
BRDA:90,8,1,0
BRDA:95,9,0,0
BRDA:95,9,1,0
BRDA:96,10,0,0
BRDA:96,10,1,0
BRF:22
BRH:0
end_of_record
TN:
SF:src\components\screening\VitalsEntryForm.tsx
FN:13,VitalsEntryForm
FN:34,(anonymous_1)
FN:48,(anonymous_2)
FN:71,(anonymous_3)
FN:82,(anonymous_4)
FN:94,(anonymous_5)
FNF:6
FNH:0
FNDA:0,VitalsEntryForm
FNDA:0,(anonymous_1)
FNDA:0,(anonymous_2)
FNDA:0,(anonymous_3)
FNDA:0,(anonymous_4)
FNDA:0,(anonymous_5)
DA:14,0
DA:16,0
DA:34,0
DA:48,0
DA:71,0
DA:82,0
DA:94,0
LF:7
LH:0
BRDA:22,0,0,0
BRDA:22,0,1,0
BRDA:23,1,0,0
BRDA:23,1,1,0
BRDA:33,2,0,0
BRDA:33,2,1,0
BRDA:47,3,0,0
BRDA:47,3,1,0
BRDA:70,4,0,0
BRDA:70,4,1,0
BRDA:81,5,0,0
BRDA:81,5,1,0
BRDA:93,6,0,0
BRDA:93,6,1,0
BRF:14
BRH:0
end_of_record
TN:
SF:src\components\screening\VoiceEntryBanner.tsx
FN:16,VoiceEntryBanner
FN:27,(anonymous_1)
FN:35,(anonymous_2)
FN:40,(anonymous_3)
FN:48,(anonymous_4)
FN:78,(anonymous_5)
FNF:6
FNH:0
FNDA:0,VoiceEntryBanner
FNDA:0,(anonymous_1)
FNDA:0,(anonymous_2)
FNDA:0,(anonymous_3)
FNDA:0,(anonymous_4)
FNDA:0,(anonymous_5)
DA:23,0
DA:24,0
DA:25,0
DA:27,0
DA:28,0
DA:29,0
DA:33,0
DA:36,0
DA:40,0
DA:41,0
DA:42,0
DA:44,0
DA:48,0
DA:49,0
DA:50,0
DA:51,0
DA:52,0
DA:55,0
DA:56,0
DA:59,0
DA:65,0
DA:68,0
DA:69,0
DA:71,0
DA:78,0
DA:79,0
DA:80,0
DA:81,0
DA:85,0
DA:86,0
DA:90,0
DA:92,0
DA:96,0
DA:97,0
DA:104,0
LF:35
LH:0
BRDA:23,0,0,0
BRDA:23,0,1,0
BRDA:24,1,0,0
BRDA:24,1,1,0
BRDA:28,2,0,0
BRDA:28,2,1,0
BRDA:28,3,0,0
BRDA:28,3,1,0
BRDA:41,4,0,0
BRDA:41,4,1,0
BRDA:55,5,0,0
BRDA:55,5,1,0
BRDA:79,6,0,0
BRDA:79,6,1,0
BRDA:79,7,0,0
BRDA:79,7,1,0
BRDA:85,8,0,0
BRDA:85,8,1,0
BRDA:96,9,0,0
BRDA:96,9,1,0
BRDA:107,10,0,0
BRDA:107,10,1,0
BRDA:113,11,0,0
BRDA:113,11,1,0
BRDA:114,12,0,0
BRDA:114,12,1,0
BRDA:117,13,0,0
BRDA:117,13,1,0
BRDA:121,14,0,0
BRDA:121,14,1,0
BRDA:121,15,0,0
BRDA:121,15,1,0
BRDA:121,16,0,0
BRDA:121,16,1,0
BRDA:121,17,0,0
BRDA:121,17,1,0
BRDA:121,18,0,0
BRDA:121,18,1,0
BRDA:124,19,0,0
BRDA:124,19,1,0
BRDA:125,20,0,0
BRDA:125,20,1,0
BRDA:126,21,0,0
BRDA:126,21,1,0
BRDA:127,22,0,0
BRDA:127,22,1,0
BRDA:128,23,0,0
BRDA:128,23,1,0
BRDA:133,24,0,0
BRDA:133,24,1,0
BRDA:136,25,0,0
BRDA:136,25,1,0
BRDA:138,26,0,0
BRDA:138,26,1,0
BRDA:138,27,0,0
BRDA:138,27,1,0
BRDA:138,28,0,0
BRDA:138,28,1,0
BRDA:140,29,0,0
BRDA:140,29,1,0
BRDA:140,29,2,0
BRDA:147,30,0,0
BRDA:147,30,1,0
BRDA:149,31,0,0
BRDA:149,31,1,0
BRDA:149,32,0,0
BRDA:149,32,1,0
BRDA:150,33,0,0
BRDA:150,33,1,0
BRF:69
BRH:0
end_of_record
TN:
SF:src\components\ui\button.tsx
FN:42,(anonymous_0)
FNF:1
FNH:1
FNDA:2,(anonymous_0)
DA:6,1
DA:41,1
DA:43,2
DA:44,2
DA:53,1
LF:5
LH:5
BRDA:42,0,0,2
BRDA:43,1,0,0
BRDA:43,1,1,2
BRF:3
BRH:2
end_of_record
TN:
SF:src\components\ui\card.tsx
FN:7,(anonymous_0)
FN:22,(anonymous_1)
FN:34,(anonymous_2)
FN:49,(anonymous_3)
FNF:4
FNH:0
FNDA:0,(anonymous_0)
FNDA:0,(anonymous_1)
FNDA:0,(anonymous_2)
FNDA:0,(anonymous_3)
DA:4,0
DA:8,0
DA:17,0
DA:19,0
DA:23,0
DA:29,0
DA:31,0
DA:35,0
DA:44,0
DA:46,0
DA:50,0
DA:52,0
LF:12
LH:0
BRF:0
BRH:0
end_of_record
TN:
SF:src\components\ui\confirmation-modal.tsx
FN:19,(anonymous_0)
FNF:1
FNH:0
FNDA:0,(anonymous_0)
DA:19,0
DA:30,0
DA:32,0
DA:53,0
DA:55,0
LF:5
LH:0
BRDA:25,0,0,0
BRDA:26,1,0,0
BRDA:27,2,0,0
BRDA:28,3,0,0
BRDA:30,4,0,0
BRDA:30,4,1,0
BRDA:98,5,0,0
BRDA:98,5,1,0
BRF:8
BRH:0
end_of_record
TN:
SF:src\components\ui\input.tsx
FN:7,(anonymous_0)
FNF:1
FNH:0
FNDA:0,(anonymous_0)
DA:6,0
DA:8,0
DA:21,0
LF:3
LH:0
BRF:0
BRH:0
end_of_record
TN:
SF:src\components\ui\label.tsx
FN:14,(anonymous_0)
FNF:1
FNH:0
FNDA:0,(anonymous_0)
DA:6,0
DA:10,0
DA:15,0
DA:21,0
LF:4
LH:0
BRF:0
BRH:0
end_of_record
TN:
SF:src\components\ui\offline-indicator.tsx
FN:5,OfflineIndicator
FNF:1
FNH:0
FNDA:0,OfflineIndicator
DA:6,0
DA:8,0
DA:9,0
DA:12,0
LF:4
LH:0
BRDA:8,0,0,0
BRDA:8,0,1,0
BRDA:8,1,0,0
BRDA:8,1,1,0
BRDA:15,2,0,0
BRDA:15,2,1,0
BRDA:19,3,0,0
BRDA:19,3,1,0
BRDA:24,4,0,0
BRDA:24,4,1,0
BRF:10
BRH:0
end_of_record
TN:
SF:src\components\ui\select.tsx
FN:16,(anonymous_0)
FN:36,(anonymous_1)
FN:53,(anonymous_2)
FN:71,(anonymous_3)
FN:103,(anonymous_4)
FN:115,(anonymous_5)
FN:138,(anonymous_6)
FNF:7
FNH:0
FNDA:0,(anonymous_0)
FNDA:0,(anonymous_1)
FNDA:0,(anonymous_2)
FNDA:0,(anonymous_3)
FNDA:0,(anonymous_4)
FNDA:0,(anonymous_5)
FNDA:0,(anonymous_6)
DA:7,0
DA:9,0
DA:11,0
DA:13,0
DA:17,0
DA:31,0
DA:33,0
DA:37,0
DA:48,0
DA:50,0
DA:54,0
DA:65,0
DA:68,0
DA:72,0
DA:98,0
DA:100,0
DA:104,0
DA:110,0
DA:112,0
DA:116,0
DA:133,0
DA:135,0
DA:139,0
DA:145,0
LF:24
LH:0
BRDA:71,0,0,0
BRDA:77,1,0,0
BRDA:77,1,1,0
BRDA:88,2,0,0
BRDA:88,2,1,0
BRF:5
BRH:0
end_of_record
TN:
SF:src\components\ui\wizard-steppers.tsx
FN:9,WizardSteppers
FN:20,(anonymous_1)
FNF:2
FNH:0
FNDA:0,WizardSteppers
FNDA:0,(anonymous_1)
DA:10,0
DA:21,0
DA:22,0
DA:24,0
LF:4
LH:0
BRDA:31,0,0,0
BRDA:31,0,1,0
BRDA:32,1,0,0
BRDA:32,1,1,0
BRDA:35,2,0,0
BRDA:35,2,1,0
BRDA:39,3,0,0
BRDA:39,3,1,0
BRF:8
BRH:0
end_of_record
TN:
SF:src\context\AuthContext.tsx
FN:33,AuthProvider
FN:37,(anonymous_1)
FN:38,(anonymous_2)
FN:67,(anonymous_3)
FN:70,(anonymous_4)
FN:94,useAuth
FNF:6
FNH:0
FNDA:0,AuthProvider
FNDA:0,(anonymous_1)
FNDA:0,(anonymous_2)
FNDA:0,(anonymous_3)
FNDA:0,(anonymous_4)
FNDA:0,useAuth
DA:31,0
DA:34,0
DA:35,0
DA:37,0
DA:38,0
DA:39,0
DA:40,0
DA:42,0
DA:43,0
DA:45,0
DA:46,0
DA:47,0
DA:55,0
DA:58,0
DA:59,0
DA:62,0
DA:64,0
DA:67,0
DA:70,0
DA:71,0
DA:72,0
DA:73,0
DA:75,0
DA:79,0
DA:95,0
DA:96,0
DA:97,0
DA:99,0
LF:28
LH:0
BRDA:39,0,0,0
BRDA:39,0,1,0
BRDA:45,1,0,0
BRDA:45,1,1,0
BRDA:85,2,0,0
BRDA:85,2,1,0
BRDA:86,3,0,0
BRDA:86,3,1,0
BRDA:89,4,0,0
BRDA:89,4,1,0
BRDA:96,5,0,0
BRDA:96,5,1,0
BRF:12
BRH:0
end_of_record
TN:
SF:src\context\OfflineContext.tsx
FN:19,OfflineProvider
FN:33,(anonymous_1)
FN:34,(anonymous_2)
FN:43,(anonymous_3)
FN:51,(anonymous_4)
FN:58,(anonymous_5)
FN:59,(anonymous_6)
FN:70,(anonymous_7)
FN:74,(anonymous_8)
FN:83,(anonymous_9)
FN:108,useOffline
FNF:11
FNH:0
FNDA:0,OfflineProvider
FNDA:0,(anonymous_1)
FNDA:0,(anonymous_2)
FNDA:0,(anonymous_3)
FNDA:0,(anonymous_4)
FNDA:0,(anonymous_5)
FNDA:0,(anonymous_6)
FNDA:0,(anonymous_7)
FNDA:0,(anonymous_8)
FNDA:0,(anonymous_9)
FNDA:0,useOffline
DA:17,0
DA:20,0
DA:21,0
DA:22,0
DA:23,0
DA:33,0
DA:34,0
DA:35,0
DA:36,0
DA:38,0
DA:39,0
DA:43,0
DA:44,0
DA:45,0
DA:48,0
DA:49,0
DA:51,0
DA:52,0
DA:53,0
DA:58,0
DA:59,0
DA:60,0
DA:61,0
DA:62,0
DA:66,0
DA:70,0
DA:71,0
DA:74,0
DA:75,0
DA:76,0
DA:77,0
DA:79,0
DA:83,0
DA:84,0
DA:86,0
DA:87,0
DA:89,0
DA:93,0
DA:109,0
DA:110,0
DA:111,0
DA:113,0
LF:42
LH:0
BRDA:38,0,0,0
BRDA:38,0,1,0
BRDA:61,1,0,0
BRDA:61,1,1,0
BRDA:61,2,0,0
BRDA:61,2,1,0
BRDA:84,3,0,0
BRDA:84,3,1,0
BRDA:84,4,0,0
BRDA:84,4,1,0
BRDA:110,5,0,0
BRDA:110,5,1,0
BRF:12
BRH:0
end_of_record
TN:
SF:src\context\ToastContext.tsx
FN:20,(anonymous_0)
FN:28,(anonymous_1)
FN:31,(anonymous_2)
FN:33,(anonymous_3)
FN:36,(anonymous_4)
FN:37,(anonymous_5)
FN:37,(anonymous_6)
FN:41,(anonymous_7)
FN:42,(anonymous_8)
FN:42,(anonymous_9)
FN:50,(anonymous_10)
FN:75,(anonymous_11)
FNF:12
FNH:0
FNDA:0,(anonymous_0)
FNDA:0,(anonymous_1)
FNDA:0,(anonymous_2)
FNDA:0,(anonymous_3)
FNDA:0,(anonymous_4)
FNDA:0,(anonymous_5)
FNDA:0,(anonymous_6)
FNDA:0,(anonymous_7)
FNDA:0,(anonymous_8)
FNDA:0,(anonymous_9)
FNDA:0,(anonymous_10)
FNDA:0,(anonymous_11)
DA:18,0
DA:20,0
DA:21,0
DA:22,0
DA:23,0
DA:25,0
DA:28,0
DA:29,0
DA:31,0
DA:32,0
DA:33,0
DA:36,0
DA:37,0
DA:41,0
DA:42,0
DA:45,0
DA:51,0
DA:75,0
LF:18
LH:0
BRDA:22,0,0,0
BRDA:22,0,1,0
BRDA:31,1,0,0
BRDA:57,2,0,0
BRDA:57,2,1,0
BRDA:58,3,0,0
BRDA:58,3,1,0
BRDA:59,4,0,0
BRDA:59,4,1,0
BRDA:63,5,0,0
BRDA:63,5,1,0
BRDA:64,6,0,0
BRDA:64,6,1,0
BRDA:65,7,0,0
BRDA:65,7,1,0
BRDA:68,8,0,0
BRDA:68,8,1,0
BRDA:69,9,0,0
BRDA:69,9,1,0
BRDA:70,10,0,0
BRDA:70,10,1,0
BRDA:71,11,0,0
BRDA:71,11,1,0
BRF:23
BRH:0
end_of_record
TN:
SF:src\hooks\useOfflineStorage.ts
FN:7,useOfflineStorage
FN:11,(anonymous_1)
FN:16,(anonymous_2)
FN:17,(anonymous_3)
FN:22,(anonymous_4)
FN:28,(anonymous_5)
FN:36,(anonymous_6)
FN:44,(anonymous_7)
FN:48,(anonymous_8)
FN:52,(anonymous_9)
FNF:10
FNH:0
FNDA:0,useOfflineStorage
FNDA:0,(anonymous_1)
FNDA:0,(anonymous_2)
FNDA:0,(anonymous_3)
FNDA:0,(anonymous_4)
FNDA:0,(anonymous_5)
FNDA:0,(anonymous_6)
FNDA:0,(anonymous_7)
FNDA:0,(anonymous_8)
FNDA:0,(anonymous_9)
DA:8,0
DA:9,0
DA:11,0
DA:13,0
DA:16,0
DA:17,0
DA:19,0
DA:20,0
DA:22,0
DA:23,0
DA:24,0
DA:28,0
DA:29,0
DA:30,0
DA:31,0
DA:33,0
DA:36,0
DA:37,0
DA:38,0
DA:39,0
DA:41,0
DA:44,0
DA:45,0
DA:48,0
DA:49,0
DA:52,0
DA:53,0
DA:54,0
DA:56,0
DA:57,0
DA:58,0
DA:60,0
DA:64,0
LF:33
LH:0
BRDA:30,0,0,0
BRDA:30,0,1,0
BRDA:38,1,0,0
BRDA:38,1,1,0
BRDA:53,2,0,0
BRDA:53,2,1,0
BRF:6
BRH:0
end_of_record
TN:
SF:src\hooks\useSpeechRecognition.ts
FN:17,getSpeechRecognition
FN:34,useSpeechRecognition
FN:47,(anonymous_2)
FN:52,(anonymous_3)
FN:65,(anonymous_4)
FN:69,(anonymous_5)
FN:87,(anonymous_6)
FN:95,(anonymous_7)
FN:101,(anonymous_8)
FN:112,(anonymous_9)
FN:123,(anonymous_10)
FNF:11
FNH:0
FNDA:0,getSpeechRecognition
FNDA:0,useSpeechRecognition
FNDA:0,(anonymous_2)
FNDA:0,(anonymous_3)
FNDA:0,(anonymous_4)
FNDA:0,(anonymous_5)
FNDA:0,(anonymous_6)
FNDA:0,(anonymous_7)
FNDA:0,(anonymous_8)
FNDA:0,(anonymous_9)
FNDA:0,(anonymous_10)
DA:18,0
DA:20,0
DA:25,0
DA:40,0
DA:41,0
DA:42,0
DA:43,0
DA:44,0
DA:47,0
DA:48,0
DA:49,0
DA:52,0
DA:53,0
DA:55,0
DA:56,0
DA:57,0
DA:60,0
DA:61,0
DA:62,0
DA:63,0
DA:65,0
DA:66,0
DA:69,0
DA:70,0
DA:71,0
DA:73,0
DA:74,0
DA:75,0
DA:76,0
DA:77,0
DA:81,0
DA:82,0
DA:83,0
DA:87,0
DA:88,0
DA:89,0
DA:90,0
DA:91,0
DA:95,0
DA:96,0
DA:99,0
DA:101,0
DA:102,0
DA:103,0
DA:104,0
DA:112,0
DA:113,0
DA:114,0
DA:115,0
DA:116,0
DA:118,0
DA:123,0
DA:124,0
DA:125,0
DA:126,0
DA:128,0
DA:133,0
LF:57
LH:0
BRDA:18,0,0,0
BRDA:18,0,1,0
BRDA:25,1,0,0
BRDA:25,1,1,0
BRDA:34,2,0,0
BRDA:37,3,0,0
BRDA:55,4,0,0
BRDA:55,4,1,0
BRDA:76,5,0,0
BRDA:76,5,1,0
BRDA:82,6,0,0
BRDA:82,6,1,0
BRDA:90,7,0,0
BRDA:90,7,1,0
BRDA:102,8,0,0
BRDA:102,8,1,0
BRDA:113,9,0,0
BRDA:113,9,1,0
BRDA:113,10,0,0
BRDA:113,10,1,0
BRDA:124,11,0,0
BRDA:124,11,1,0
BRDA:124,12,0,0
BRDA:124,12,1,0
BRF:24
BRH:0
end_of_record
TN:
SF:src\lib\db.ts
FN:40,init
FN:41,(anonymous_1)
FN:44,(anonymous_2)
FN:45,(anonymous_3)
FN:50,(anonymous_4)
FN:75,addPatient
FN:77,(anonymous_6)
FN:83,(anonymous_7)
FN:84,(anonymous_8)
FN:88,getPatients
FN:90,(anonymous_10)
FN:95,(anonymous_11)
FN:96,(anonymous_12)
FN:100,getPatient
FN:102,(anonymous_14)
FN:107,(anonymous_15)
FN:108,(anonymous_16)
FN:112,updatePatient
FN:114,(anonymous_18)
FN:119,(anonymous_19)
FN:122,(anonymous_20)
FN:123,(anonymous_21)
FN:125,(anonymous_22)
FN:130,addScreening
FN:132,(anonymous_24)
FN:138,(anonymous_25)
FN:139,(anonymous_26)
FN:143,getScreenings
FN:145,(anonymous_28)
FN:150,(anonymous_29)
FN:151,(anonymous_30)
FN:155,getScreeningsByPatient
FN:157,(anonymous_32)
FN:163,(anonymous_33)
FN:164,(anonymous_34)
FN:169,addToSyncQueue
FN:171,(anonymous_36)
FN:176,(anonymous_37)
FN:177,(anonymous_38)
FN:181,getSyncQueue
FN:183,(anonymous_40)
FN:188,(anonymous_41)
FN:189,(anonymous_42)
FN:193,clearSyncQueue
FN:195,(anonymous_44)
FN:200,(anonymous_45)
FN:201,(anonymous_46)
FN:206,getUnsyncedPatients
FN:208,(anonymous_48)
FN:214,(anonymous_49)
FN:215,(anonymous_50)
FN:219,getUnsyncedScreenings
FN:221,(anonymous_52)
FN:227,(anonymous_53)
FN:228,(anonymous_54)
FN:233,clearAll
FN:236,(anonymous_56)
FN:240,(anonymous_57)
FN:242,(anonymous_58)
FN:246,(anonymous_59)
FNF:60
FNH:0
FNDA:0,init
FNDA:0,(anonymous_1)
FNDA:0,(anonymous_2)
FNDA:0,(anonymous_3)
FNDA:0,(anonymous_4)
FNDA:0,addPatient
FNDA:0,(anonymous_6)
FNDA:0,(anonymous_7)
FNDA:0,(anonymous_8)
FNDA:0,getPatients
FNDA:0,(anonymous_10)
FNDA:0,(anonymous_11)
FNDA:0,(anonymous_12)
FNDA:0,getPatient
FNDA:0,(anonymous_14)
FNDA:0,(anonymous_15)
FNDA:0,(anonymous_16)
FNDA:0,updatePatient
FNDA:0,(anonymous_18)
FNDA:0,(anonymous_19)
FNDA:0,(anonymous_20)
FNDA:0,(anonymous_21)
FNDA:0,(anonymous_22)
FNDA:0,addScreening
FNDA:0,(anonymous_24)
FNDA:0,(anonymous_25)
FNDA:0,(anonymous_26)
FNDA:0,getScreenings
FNDA:0,(anonymous_28)
FNDA:0,(anonymous_29)
FNDA:0,(anonymous_30)
FNDA:0,getScreeningsByPatient
FNDA:0,(anonymous_32)
FNDA:0,(anonymous_33)
FNDA:0,(anonymous_34)
FNDA:0,addToSyncQueue
FNDA:0,(anonymous_36)
FNDA:0,(anonymous_37)
FNDA:0,(anonymous_38)
FNDA:0,getSyncQueue
FNDA:0,(anonymous_40)
FNDA:0,(anonymous_41)
FNDA:0,(anonymous_42)
FNDA:0,clearSyncQueue
FNDA:0,(anonymous_44)
FNDA:0,(anonymous_45)
FNDA:0,(anonymous_46)
FNDA:0,getUnsyncedPatients
FNDA:0,(anonymous_48)
FNDA:0,(anonymous_49)
FNDA:0,(anonymous_50)
FNDA:0,getUnsyncedScreenings
FNDA:0,(anonymous_52)
FNDA:0,(anonymous_53)
FNDA:0,(anonymous_54)
FNDA:0,clearAll
FNDA:0,(anonymous_56)
FNDA:0,(anonymous_57)
FNDA:0,(anonymous_58)
FNDA:0,(anonymous_59)
DA:2,0
DA:3,0
DA:38,0
DA:41,0
DA:42,0
DA:44,0
DA:45,0
DA:46,0
DA:47,0
DA:50,0
DA:51,0
DA:54,0
DA:55,0
DA:56,0
DA:57,0
DA:60,0
DA:61,0
DA:62,0
DA:63,0
DA:64,0
DA:67,0
DA:68,0
DA:76,0
DA:77,0
DA:78,0
DA:79,0
DA:80,0
DA:81,0
DA:83,0
DA:84,0
DA:89,0
DA:90,0
DA:91,0
DA:92,0
DA:93,0
DA:95,0
DA:96,0
DA:101,0
DA:102,0
DA:103,0
DA:104,0
DA:105,0
DA:107,0
DA:108,0
DA:113,0
DA:114,0
DA:115,0
DA:116,0
DA:117,0
DA:119,0
DA:120,0
DA:121,0
DA:122,0
DA:123,0
DA:125,0
DA:131,0
DA:132,0
DA:133,0
DA:134,0
DA:135,0
DA:136,0
DA:138,0
DA:139,0
DA:144,0
DA:145,0
DA:146,0
DA:147,0
DA:148,0
DA:150,0
DA:151,0
DA:156,0
DA:157,0
DA:158,0
DA:159,0
DA:160,0
DA:161,0
DA:163,0
DA:164,0
DA:170,0
DA:171,0
DA:172,0
DA:173,0
DA:174,0
DA:176,0
DA:177,0
DA:182,0
DA:183,0
DA:184,0
DA:185,0
DA:186,0
DA:188,0
DA:189,0
DA:194,0
DA:195,0
DA:196,0
DA:197,0
DA:198,0
DA:200,0
DA:201,0
DA:207,0
DA:208,0
DA:209,0
DA:210,0
DA:211,0
DA:212,0
DA:214,0
DA:215,0
DA:220,0
DA:221,0
DA:222,0
DA:223,0
DA:224,0
DA:225,0
DA:227,0
DA:228,0
DA:234,0
DA:235,0
DA:236,0
DA:237,0
DA:238,0
DA:240,0
DA:241,0
DA:242,0
DA:243,0
DA:244,0
DA:246,0
DA:252,0
LF:127
LH:0
BRDA:54,0,0,0
BRDA:54,0,1,0
BRDA:60,1,0,0
BRDA:60,1,1,0
BRDA:67,2,0,0
BRDA:67,2,1,0
BRDA:76,3,0,0
BRDA:76,3,1,0
BRDA:89,4,0,0
BRDA:89,4,1,0
BRDA:101,5,0,0
BRDA:101,5,1,0
BRDA:113,6,0,0
BRDA:113,6,1,0
BRDA:131,7,0,0
BRDA:131,7,1,0
BRDA:144,8,0,0
BRDA:144,8,1,0
BRDA:156,9,0,0
BRDA:156,9,1,0
BRDA:170,10,0,0
BRDA:170,10,1,0
BRDA:182,11,0,0
BRDA:182,11,1,0
BRDA:194,12,0,0
BRDA:194,12,1,0
BRDA:207,13,0,0
BRDA:207,13,1,0
BRDA:220,14,0,0
BRDA:220,14,1,0
BRDA:234,15,0,0
BRDA:234,15,1,0
BRDA:244,16,0,0
BRDA:244,16,1,0
BRF:34
BRH:0
end_of_record
TN:
SF:src\lib\firebase.ts
FNF:0
FNH:0
DA:7,0
DA:18,0
DA:19,0
DA:20,0
DA:21,0
DA:23,0
DA:24,0
LF:7
LH:0
BRF:0
BRH:0
end_of_record
TN:
SF:src\lib\nameMatching.ts
FN:11,normalizeName
FN:16,namesMatch
FN:41,buildNameNotice
FN:76,filesOnBehalfOfOthers
FNF:4
FNH:4
FNDA:30,normalizeName
FNDA:13,namesMatch
FNDA:12,buildNameNotice
FNDA:9,filesOnBehalfOfOthers
DA:12,30
DA:20,13
DA:55,12
DA:56,12
DA:58,11
DA:60,12
DA:61,1
DA:64,10
DA:66,9
DA:67,5
DA:72,4
DA:77,9
LF:12
LH:12
BRDA:12,0,0,30
BRDA:12,0,1,2
BRDA:44,1,0,12
BRDA:55,2,0,12
BRDA:55,2,1,0
BRDA:56,3,0,1
BRDA:56,3,1,11
BRDA:58,4,0,11
BRDA:58,4,1,0
BRDA:60,5,0,1
BRDA:60,5,1,11
BRDA:60,6,0,12
BRDA:60,6,1,6
BRDA:64,7,0,1
BRDA:64,7,1,9
BRDA:66,8,0,5
BRDA:66,8,1,4
BRDA:67,9,0,4
BRDA:67,9,1,1
BRDA:77,10,0,9
BRDA:77,10,1,5
BRF:21
BRH:19
end_of_record
TN:
SF:src\lib\ocrMapping.ts
FN:36,(anonymous_0)
FN:48,flattenObject
FN:72,parseBloodPressure
FN:79,(anonymous_3)
FN:80,(anonymous_4)
FN:88,extractPatientName
FN:110,applyOcrData
FN:158,unwrapExtractionResponse
FNF:8
FNH:8
FNDA:361,(anonymous_0)
FNDA:43,flattenObject
FNDA:73,parseBloodPressure
FNDA:14,(anonymous_3)
FNDA:14,(anonymous_4)
FNDA:14,extractPatientName
FNDA:22,applyOcrData
FNDA:12,unwrapExtractionResponse
DA:14,2
DA:31,2
DA:34,2
DA:36,2
DA:37,361
DA:49,43
DA:51,43
DA:52,5
DA:55,38
DA:56,50
DA:57,7
DA:59,43
DA:63,38
DA:75,73
DA:77,8
DA:79,14
DA:80,14
DA:82,8
DA:84,6
DA:89,14
DA:90,35
DA:91,35
DA:93,5
DA:114,22
DA:115,22
DA:116,22
DA:119,22
DA:120,30
DA:121,25
DA:122,14
DA:123,14
DA:128,22
DA:129,286
DA:130,286
DA:131,5
DA:132,5
DA:134,4
DA:135,4
DA:139,22
DA:140,63
DA:141,63
DA:143,3
DA:144,3
DA:145,3
DA:146,3
DA:149,22
DA:163,12
DA:164,3
DA:167,9
DA:169,9
DA:170,2
DA:173,7
LF:52
LH:52
BRDA:37,0,0,361
BRDA:37,0,1,361
BRDA:37,0,2,57
BRDA:37,0,3,44
BRDA:51,1,0,5
BRDA:51,1,1,38
BRDA:51,2,0,43
BRDA:51,2,1,40
BRDA:51,2,2,39
BRDA:56,3,0,7
BRDA:56,3,1,43
BRDA:56,4,0,50
BRDA:56,4,1,8
BRDA:56,4,2,8
BRDA:75,5,0,65
BRDA:75,5,1,8
BRDA:75,6,0,73
BRDA:75,6,1,10
BRDA:80,7,0,14
BRDA:80,7,1,14
BRDA:82,8,0,2
BRDA:82,8,1,6
BRDA:91,9,0,9
BRDA:91,9,1,26
BRDA:120,10,0,5
BRDA:120,10,1,25
BRDA:121,11,0,14
BRDA:121,11,1,11
BRDA:130,12,0,281
BRDA:130,12,1,5
BRDA:131,13,0,0
BRDA:131,13,1,5
BRDA:132,14,0,1
BRDA:132,14,1,4
BRDA:141,15,0,60
BRDA:141,15,1,3
BRDA:163,16,0,3
BRDA:163,16,1,9
BRDA:163,17,0,12
BRDA:163,17,1,10
BRDA:169,18,0,2
BRDA:169,18,1,7
BRDA:173,19,0,7
BRDA:173,19,1,5
BRF:44
BRH:43
end_of_record
TN:
SF:src\lib\riskUtils.ts
FN:16,calculateRisk
FN:58,calculateBMI
FN:65,generateInsights
FNF:3
FNH:3
FNDA:22,calculateRisk
FNDA:4,calculateBMI
FNDA:6,generateInsights
DA:15,2
DA:17,22
DA:18,22
DA:21,22
DA:22,12
DA:23,12
DA:27,22
DA:28,4
DA:29,4
DA:33,22
DA:34,7
DA:35,7
DA:36,15
DA:37,1
DA:38,1
DA:41,22
DA:42,5
DA:43,5
DA:47,22
DA:48,22
DA:49,4
DA:51,22
DA:59,4
DA:60,2
DA:61,2
DA:62,2
DA:66,6
DA:68,6
DA:69,6
DA:70,6
DA:71,6
DA:72,6
DA:74,6
DA:75,6
DA:76,2
DA:77,2
DA:78,4
DA:79,2
DA:80,2
DA:82,2
DA:83,2
DA:86,6
LF:42
LH:42
BRDA:21,0,0,12
BRDA:21,0,1,10
BRDA:27,1,0,4
BRDA:27,1,1,18
BRDA:33,2,0,7
BRDA:33,2,1,15
BRDA:33,3,0,22
BRDA:33,3,1,9
BRDA:36,4,0,1
BRDA:36,4,1,14
BRDA:36,5,0,15
BRDA:36,5,1,2
BRDA:41,6,0,5
BRDA:41,6,1,17
BRDA:41,7,0,22
BRDA:41,7,1,5
BRDA:48,8,0,4
BRDA:48,8,1,18
BRDA:48,9,0,4
BRDA:48,9,1,14
BRDA:54,10,0,22
BRDA:54,10,1,4
BRDA:59,11,0,2
BRDA:59,11,1,2
BRDA:59,12,0,4
BRDA:59,12,1,3
BRDA:68,13,0,1
BRDA:68,13,1,5
BRDA:69,14,0,1
BRDA:69,14,1,5
BRDA:69,15,0,6
BRDA:69,15,1,2
BRDA:70,16,0,1
BRDA:70,16,1,5
BRDA:70,17,0,6
BRDA:70,17,1,2
BRDA:71,18,0,1
BRDA:71,18,1,5
BRDA:72,19,0,1
BRDA:72,19,1,5
BRDA:72,20,0,6
BRDA:72,20,1,2
BRDA:75,21,0,2
BRDA:75,21,1,4
BRDA:78,22,0,2
BRDA:78,22,1,2
BRF:46
BRH:46
end_of_record
TN:
SF:src\lib\schemas.ts
FN:30,(anonymous_0)
FN:33,(anonymous_1)
FN:38,(anonymous_2)
FN:41,(anonymous_3)
FN:48,(anonymous_4)
FN:51,(anonymous_5)
FN:52,(anonymous_6)
FN:55,(anonymous_7)
FN:66,(anonymous_8)
FN:67,(anonymous_9)
FN:68,(anonymous_10)
FN:75,(anonymous_11)
FN:79,(anonymous_12)
FN:127,(anonymous_13)
FN:156,validate
FN:178,validateScreeningForm
FN:188,stripUndefined
FN:190,(anonymous_17)
FNF:18
FNH:18
FNDA:63,(anonymous_0)
FNDA:260,(anonymous_1)
FNDA:260,(anonymous_2)
FNDA:260,(anonymous_3)
FNDA:9,(anonymous_4)
FNDA:39,(anonymous_5)
FNDA:39,(anonymous_6)
FNDA:38,(anonymous_7)
FNDA:41,(anonymous_8)
FNDA:41,(anonymous_9)
FNDA:41,(anonymous_10)
FNDA:40,(anonymous_11)
FNDA:40,(anonymous_12)
FNDA:26,(anonymous_13)
FNDA:61,validate
FNDA:27,validateScreeningForm
FNDA:28,stripUndefined
FNDA:480,(anonymous_17)
DA:12,3
DA:13,3
DA:14,3
DA:15,3
DA:16,3
DA:22,3
DA:30,3
DA:31,63
DA:34,260
DA:35,48
DA:36,260
DA:38,260
DA:41,260
DA:48,3
DA:49,9
DA:51,39
DA:52,39
DA:55,38
DA:58,3
DA:66,41
DA:67,41
DA:68,41
DA:76,40
DA:77,40
DA:79,40
DA:85,3
DA:93,3
DA:99,3
DA:124,3
DA:128,26
DA:129,26
DA:130,2
DA:160,61
DA:162,61
DA:163,31
DA:166,30
DA:167,30
DA:168,35
DA:169,35
DA:170,33
DA:174,30
DA:179,27
DA:189,28
DA:190,480
LF:44
LH:44
BRDA:34,0,0,212
BRDA:34,0,1,48
BRDA:34,1,0,260
BRDA:34,1,1,48
BRDA:34,1,2,48
BRDA:35,2,0,13
BRDA:35,2,1,35
BRDA:36,3,0,1
BRDA:36,3,1,47
BRDA:38,4,0,260
BRDA:38,4,1,48
BRDA:41,5,0,260
BRDA:41,5,1,48
BRDA:41,5,2,42
BRDA:51,6,0,33
BRDA:51,6,1,6
BRDA:51,7,0,39
BRDA:51,7,1,6
BRDA:52,8,0,39
BRDA:52,8,1,6
BRDA:66,9,0,3
BRDA:66,9,1,38
BRDA:68,10,0,41
BRDA:68,10,1,39
BRDA:76,11,0,40
BRDA:76,11,1,0
BRDA:77,12,0,2
BRDA:77,12,1,38
BRDA:79,13,0,40
BRDA:79,13,1,38
BRDA:129,14,0,2
BRDA:129,14,1,24
BRDA:129,15,0,26
BRDA:129,15,1,7
BRDA:129,15,2,6
BRDA:162,16,0,31
BRDA:162,16,1,30
BRDA:168,17,0,35
BRDA:168,17,1,0
BRDA:169,18,0,33
BRDA:169,18,1,2
BRF:41
BRH:39
end_of_record
TN:
SF:src\lib\screeningPayload.ts
FN:41,buildPatientPayload
FN:61,buildScreeningPayload
FN:82,buildAnalysisPayload
FNF:3
FNH:3
FNDA:11,buildPatientPayload
FNDA:14,buildScreeningPayload
FNDA:8,buildAnalysisPayload
DA:13,2
DA:45,11
DA:66,14
DA:67,14
DA:68,336
DA:71,14
DA:86,8
LF:7
LH:7
BRF:0
BRH:0
end_of_record
TN:
SF:src\lib\sync.ts
FN:10,constructor
FN:12,(anonymous_1)
FN:18,(anonymous_2)
FN:25,(anonymous_3)
FN:33,getOnlineStatus
FN:37,syncData
FN:45,registerBackgroundSync
FNF:7
FNH:0
FNDA:0,constructor
FNDA:0,(anonymous_1)
FNDA:0,(anonymous_2)
FNDA:0,(anonymous_3)
FNDA:0,getOnlineStatus
FNDA:0,syncData
FNDA:0,registerBackgroundSync
DA:7,0
DA:12,0
DA:13,0
DA:14,0
DA:15,0
DA:18,0
DA:19,0
DA:20,0
DA:24,0
DA:25,0
DA:26,0
DA:27,0
DA:34,0
DA:40,0
DA:41,0
DA:46,0
DA:47,0
DA:48,0
DA:50,0
DA:53,0
DA:54,0
DA:56,0
DA:62,0
LF:23
LH:0
BRDA:24,0,0,0
BRDA:24,0,1,0
BRDA:26,1,0,0
BRDA:26,1,1,0
BRDA:46,2,0,0
BRDA:46,2,1,0
BRDA:46,3,0,0
BRDA:46,3,1,0
BRF:8
BRH:0
end_of_record
TN:
SF:src\lib\translations.ts
FNF:0
FNH:0
DA:2,0
LF:1
LH:0
BRF:0
BRH:0
end_of_record
TN:
SF:src\lib\utils.ts
FN:4,cn
FNF:1
FNH:1
FNDA:2,cn
DA:5,2
LF:1
LH:1
BRF:0
BRH:0
end_of_record
TN:
SF:src\pages\APIDocsPage.tsx
FN:16,UsersIcon
FN:20,APIDocsPage
FN:24,(anonymous_2)
FN:38,(anonymous_3)
FN:55,(anonymous_4)
FN:58,(anonymous_5)
FN:266,(anonymous_6)
FN:284,Endpoint
FN:301,CodeBlock
FN:312,Param
FNF:10
FNH:0
FNDA:0,UsersIcon
FNDA:0,APIDocsPage
FNDA:0,(anonymous_2)
FNDA:0,(anonymous_3)
FNDA:0,(anonymous_4)
FNDA:0,(anonymous_5)
FNDA:0,(anonymous_6)
FNDA:0,Endpoint
FNDA:0,CodeBlock
FNDA:0,Param
DA:7,0
DA:17,0
DA:21,0
DA:22,0
DA:24,0
DA:25,0
DA:26,0
DA:27,0
DA:28,0
DA:30,0
DA:33,0
DA:38,0
DA:56,0
DA:58,0
DA:267,0
DA:285,0
DA:289,0
DA:302,0
DA:313,0
LF:19
LH:0
BRDA:27,0,0,0
BRDA:27,0,1,0
BRDA:41,1,0,0
BRDA:41,1,1,0
BRDA:47,2,0,0
BRDA:47,2,1,0
BRDA:61,3,0,0
BRDA:61,3,1,0
BRDA:68,4,0,0
BRDA:68,4,1,0
BRDA:271,5,0,0
BRDA:271,5,1,0
BRDA:285,6,0,0
BRDA:285,6,1,0
BRDA:286,7,0,0
BRDA:286,7,1,0
BRDA:304,8,0,0
BRDA:304,8,1,0
BRDA:317,9,0,0
BRDA:317,9,1,0
BRF:20
BRH:0
end_of_record
TN:
SF:src\pages\AboutPage.tsx
FN:5,AboutPage
FN:80,(anonymous_1)
FN:131,(anonymous_2)
FN:336,(anonymous_3)
FN:365,(anonymous_4)
FN:372,(anonymous_5)
FN:378,(anonymous_6)
FNF:7
FNH:0
FNDA:0,AboutPage
FNDA:0,(anonymous_1)
FNDA:0,(anonymous_2)
FNDA:0,(anonymous_3)
FNDA:0,(anonymous_4)
FNDA:0,(anonymous_5)
FNDA:0,(anonymous_6)
DA:6,0
DA:81,0
DA:132,0
DA:337,0
DA:365,0
DA:372,0
DA:378,0
LF:7
LH:0
BRF:0
BRH:0
end_of_record
TN:
SF:src\pages\AllPatientsPage.tsx
FN:13,AllPatientsPage
FN:28,(anonymous_1)
FN:32,(anonymous_2)
FN:42,(anonymous_3)
FN:50,(anonymous_4)
FN:67,(anonymous_5)
FN:72,(anonymous_6)
FN:77,(anonymous_7)
FN:96,(anonymous_8)
FN:130,(anonymous_9)
FN:131,(anonymous_10)
FN:138,(anonymous_11)
FN:166,(anonymous_12)
FN:166,(anonymous_13)
FN:178,(anonymous_14)
FN:178,(anonymous_15)
FN:214,(anonymous_16)
FN:251,(anonymous_17)
FN:260,(anonymous_18)
FN:268,(anonymous_19)
FN:299,(anonymous_20)
FN:311,(anonymous_21)
FN:322,(anonymous_22)
FN:331,(anonymous_23)
FN:345,(anonymous_24)
FN:354,(anonymous_25)
FN:368,(anonymous_26)
FN:381,(anonymous_27)
FNF:28
FNH:0
FNDA:0,AllPatientsPage
FNDA:0,(anonymous_1)
FNDA:0,(anonymous_2)
FNDA:0,(anonymous_3)
FNDA:0,(anonymous_4)
FNDA:0,(anonymous_5)
FNDA:0,(anonymous_6)
FNDA:0,(anonymous_7)
FNDA:0,(anonymous_8)
FNDA:0,(anonymous_9)
FNDA:0,(anonymous_10)
FNDA:0,(anonymous_11)
FNDA:0,(anonymous_12)
FNDA:0,(anonymous_13)
FNDA:0,(anonymous_14)
FNDA:0,(anonymous_15)
FNDA:0,(anonymous_16)
FNDA:0,(anonymous_17)
FNDA:0,(anonymous_18)
FNDA:0,(anonymous_19)
FNDA:0,(anonymous_20)
FNDA:0,(anonymous_21)
FNDA:0,(anonymous_22)
FNDA:0,(anonymous_23)
FNDA:0,(anonymous_24)
FNDA:0,(anonymous_25)
FNDA:0,(anonymous_26)
FNDA:0,(anonymous_27)
DA:15,0
DA:16,0
DA:17,0
DA:18,0
DA:19,0
DA:20,0
DA:21,0
DA:22,0
DA:23,0
DA:24,0
DA:25,0
DA:26,0
DA:28,0
DA:29,0
DA:32,0
DA:33,0
DA:34,0
DA:36,0
DA:39,0
DA:40,0
DA:41,0
DA:42,0
DA:43,0
DA:49,0
DA:50,0
DA:53,0
DA:56,0
DA:57,0
DA:59,0
DA:61,0
DA:63,0
DA:67,0
DA:68,0
DA:69,0
DA:72,0
DA:73,0
DA:74,0
DA:77,0
DA:78,0
DA:80,0
DA:81,0
DA:89,0
DA:90,0
DA:92,0
DA:96,0
DA:97,0
DA:98,0
DA:99,0
DA:100,0
DA:101,0
DA:102,0
DA:103,0
DA:104,0
DA:106,0
DA:107,0
DA:109,0
DA:113,0
DA:115,0
DA:130,0
DA:131,0
DA:138,0
DA:166,0
DA:178,0
DA:215,0
DA:251,0
DA:260,0
DA:269,0
DA:270,0
DA:299,0
DA:311,0
DA:322,0
DA:331,0
DA:345,0
DA:354,0
DA:368,0
DA:381,0
LF:76
LH:0
BRDA:40,0,0,0
BRDA:40,0,1,0
BRDA:43,1,0,0
BRDA:43,1,1,0
BRDA:43,1,2,0
BRDA:43,1,3,0
BRDA:49,2,0,0
BRDA:49,2,1,0
BRDA:78,3,0,0
BRDA:78,3,1,0
BRDA:97,4,0,0
BRDA:97,4,1,0
BRDA:107,5,0,0
BRDA:107,5,1,0
BRDA:131,6,0,0
BRDA:131,6,1,0
BRDA:193,7,0,0
BRDA:193,7,1,0
BRDA:225,8,0,0
BRDA:225,8,1,0
BRDA:228,9,0,0
BRDA:228,9,1,0
BRDA:232,10,0,0
BRDA:232,10,1,0
BRDA:233,11,0,0
BRDA:233,11,1,0
BRDA:234,12,0,0
BRDA:234,12,1,0
BRDA:287,13,0,0
BRDA:287,13,1,0
BRDA:287,13,2,0
BRDA:353,14,0,0
BRDA:353,14,1,0
BRF:33
BRH:0
end_of_record
TN:
SF:src\pages\AnalyticsPage.tsx
FN:38,AnalyticsPage
FN:43,(anonymous_1)
FN:47,(anonymous_2)
FN:61,(anonymous_3)
FN:85,(anonymous_4)
FN:99,(anonymous_5)
FN:101,(anonymous_6)
FN:102,(anonymous_7)
FN:130,(anonymous_8)
FN:135,(anonymous_9)
FN:140,(anonymous_10)
FN:269,(anonymous_11)
FN:271,(anonymous_12)
FN:295,(anonymous_13)
FN:301,(anonymous_14)
FNF:15
FNH:0
FNDA:0,AnalyticsPage
FNDA:0,(anonymous_1)
FNDA:0,(anonymous_2)
FNDA:0,(anonymous_3)
FNDA:0,(anonymous_4)
FNDA:0,(anonymous_5)
FNDA:0,(anonymous_6)
FNDA:0,(anonymous_7)
FNDA:0,(anonymous_8)
FNDA:0,(anonymous_9)
FNDA:0,(anonymous_10)
FNDA:0,(anonymous_11)
FNDA:0,(anonymous_12)
FNDA:0,(anonymous_13)
FNDA:0,(anonymous_14)
DA:36,0
DA:40,0
DA:41,0
DA:43,0
DA:44,0
DA:47,0
DA:48,0
DA:49,0
DA:55,0
DA:57,0
DA:59,0
DA:61,0
DA:63,0
DA:64,0
DA:67,0
DA:68,0
DA:69,0
DA:72,0
DA:73,0
DA:77,0
DA:78,0
DA:85,0
DA:87,0
DA:88,0
DA:89,0
DA:92,0
DA:93,0
DA:94,0
DA:95,0
DA:98,0
DA:99,0
DA:101,0
DA:102,0
DA:106,0
DA:108,0
DA:110,0
DA:114,0
DA:115,0
DA:122,0
DA:123,0
DA:130,0
DA:135,0
DA:140,0
DA:145,0
DA:269,0
DA:272,0
DA:296,0
DA:301,0
LF:48
LH:0
BRDA:63,0,0,0
BRDA:63,0,1,0
BRDA:64,1,0,0
BRDA:64,1,1,0
BRDA:67,2,0,0
BRDA:67,2,1,0
BRDA:69,3,0,0
BRDA:69,3,1,0
BRDA:72,4,0,0
BRDA:72,4,1,0
BRDA:73,5,0,0
BRDA:73,5,1,0
BRDA:89,6,0,0
BRDA:89,6,1,0
BRDA:92,7,0,0
BRDA:92,7,1,0
BRDA:92,8,0,0
BRDA:92,8,1,0
BRDA:93,9,0,0
BRDA:93,9,1,0
BRDA:93,10,0,0
BRDA:93,10,1,0
BRDA:94,11,0,0
BRDA:94,11,1,0
BRDA:95,12,0,0
BRDA:95,12,1,0
BRDA:95,13,0,0
BRDA:95,13,1,0
BRDA:114,14,0,0
BRDA:114,14,1,0
BRDA:122,15,0,0
BRDA:122,15,1,0
BRDA:269,16,0,0
BRDA:269,16,1,0
BRF:34
BRH:0
end_of_record
TN:
SF:src\pages\AppointmentsPage.tsx
FN:20,AppointmentsPage
FN:35,(anonymous_1)
FN:42,(anonymous_2)
FN:52,(anonymous_3)
FN:56,(anonymous_4)
FN:66,(anonymous_5)
FN:75,(anonymous_6)
FN:95,(anonymous_7)
FN:105,(anonymous_8)
FN:115,(anonymous_9)
FN:142,(anonymous_10)
FN:152,(anonymous_11)
FN:157,(anonymous_12)
FN:181,(anonymous_13)
FN:190,(anonymous_14)
FN:205,(anonymous_15)
FN:228,(anonymous_16)
FN:237,(anonymous_17)
FN:265,(anonymous_18)
FN:277,(anonymous_19)
FN:277,(anonymous_20)
FN:281,(anonymous_21)
FN:292,(anonymous_22)
FN:292,(anonymous_23)
FN:301,(anonymous_24)
FN:301,(anonymous_25)
FN:311,(anonymous_26)
FN:311,(anonymous_27)
FN:320,(anonymous_28)
FNF:29
FNH:0
FNDA:0,AppointmentsPage
FNDA:0,(anonymous_1)
FNDA:0,(anonymous_2)
FNDA:0,(anonymous_3)
FNDA:0,(anonymous_4)
FNDA:0,(anonymous_5)
FNDA:0,(anonymous_6)
FNDA:0,(anonymous_7)
FNDA:0,(anonymous_8)
FNDA:0,(anonymous_9)
FNDA:0,(anonymous_10)
FNDA:0,(anonymous_11)
FNDA:0,(anonymous_12)
FNDA:0,(anonymous_13)
FNDA:0,(anonymous_14)
FNDA:0,(anonymous_15)
FNDA:0,(anonymous_16)
FNDA:0,(anonymous_17)
FNDA:0,(anonymous_18)
FNDA:0,(anonymous_19)
FNDA:0,(anonymous_20)
FNDA:0,(anonymous_21)
FNDA:0,(anonymous_22)
FNDA:0,(anonymous_23)
FNDA:0,(anonymous_24)
FNDA:0,(anonymous_25)
FNDA:0,(anonymous_26)
FNDA:0,(anonymous_27)
FNDA:0,(anonymous_28)
DA:21,0
DA:22,0
DA:23,0
DA:24,0
DA:25,0
DA:26,0
DA:28,0
DA:35,0
DA:36,0
DA:37,0
DA:38,0
DA:42,0
DA:43,0
DA:44,0
DA:45,0
DA:51,0
DA:52,0
DA:56,0
DA:58,0
DA:60,0
DA:62,0
DA:66,0
DA:67,0
DA:68,0
DA:69,0
DA:71,0
DA:75,0
DA:76,0
DA:77,0
DA:78,0
DA:87,0
DA:88,0
DA:89,0
DA:91,0
DA:95,0
DA:96,0
DA:97,0
DA:98,0
DA:99,0
DA:101,0
DA:105,0
DA:106,0
DA:107,0
DA:108,0
DA:109,0
DA:110,0
DA:111,0
DA:115,0
DA:116,0
DA:122,0
DA:130,0
DA:142,0
DA:153,0
DA:157,0
DA:181,0
DA:191,0
DA:205,0
DA:228,0
DA:237,0
DA:265,0
DA:277,0
DA:282,0
DA:292,0
DA:301,0
DA:311,0
DA:320,0
LF:66
LH:0
BRDA:36,0,0,0
BRDA:36,0,1,0
BRDA:43,1,0,0
BRDA:43,1,1,0
BRDA:47,2,0,0
BRDA:47,2,1,0
BRDA:51,3,0,0
BRDA:51,3,1,0
BRDA:76,4,0,0
BRDA:76,4,1,0
BRDA:83,5,0,0
BRDA:83,5,1,0
BRDA:106,6,0,0
BRDA:106,6,1,0
BRDA:106,6,2,0
BRDA:106,6,3,0
BRDA:106,6,4,0
BRDA:123,7,0,0
BRDA:123,7,1,0
BRDA:155,8,0,0
BRDA:155,8,1,0
BRDA:158,9,0,0
BRDA:158,9,1,0
BRDA:163,10,0,0
BRDA:163,10,1,0
BRDA:174,11,0,0
BRDA:174,11,1,0
BRDA:176,12,0,0
BRDA:176,12,1,0
BRDA:205,13,0,0
BRDA:205,13,1,0
BRDA:215,14,0,0
BRDA:215,14,1,0
BRDA:223,15,0,0
BRDA:223,15,1,0
BRDA:253,16,0,0
BRDA:253,16,1,0
BRDA:325,17,0,0
BRDA:325,17,1,0
BRDA:325,17,2,0
BRF:40
BRH:0
end_of_record
TN:
SF:src\pages\DashboardHome.tsx
FN:45,DashboardHome
FN:56,(anonymous_1)
FN:57,(anonymous_2)
FN:89,(anonymous_3)
FN:98,(anonymous_4)
FN:161,(anonymous_5)
FN:171,(anonymous_6)
FN:209,(anonymous_7)
FN:273,(anonymous_8)
FN:297,(anonymous_9)
FN:324,(anonymous_10)
FN:350,(anonymous_11)
FN:393,(anonymous_12)
FN:405,(anonymous_13)
FN:417,(anonymous_14)
FNF:15
FNH:0
FNDA:0,DashboardHome
FNDA:0,(anonymous_1)
FNDA:0,(anonymous_2)
FNDA:0,(anonymous_3)
FNDA:0,(anonymous_4)
FNDA:0,(anonymous_5)
FNDA:0,(anonymous_6)
FNDA:0,(anonymous_7)
FNDA:0,(anonymous_8)
FNDA:0,(anonymous_9)
FNDA:0,(anonymous_10)
FNDA:0,(anonymous_11)
FNDA:0,(anonymous_12)
FNDA:0,(anonymous_13)
FNDA:0,(anonymous_14)
DA:46,0
DA:47,0
DA:48,0
DA:49,0
DA:52,0
DA:53,0
DA:54,0
DA:56,0
DA:57,0
DA:61,0
DA:62,0
DA:65,0
DA:67,0
DA:69,0
DA:72,0
DA:75,0
DA:76,0
DA:83,0
DA:89,0
DA:91,0
DA:98,0
DA:99,0
DA:102,0
DA:161,0
DA:172,0
DA:209,0
DA:274,0
DA:298,0
DA:324,0
DA:351,0
DA:393,0
DA:405,0
DA:417,0
LF:33
LH:0
BRDA:63,0,0,0
BRDA:63,0,1,0
BRDA:75,1,0,0
BRDA:75,1,1,0
BRDA:83,2,0,0
BRDA:83,2,1,0
BRDA:84,3,0,0
BRDA:84,3,1,0
BRDA:85,4,0,0
BRDA:85,4,1,0
BRDA:86,5,0,0
BRDA:86,5,1,0
BRDA:91,6,0,0
BRDA:91,6,1,0
BRDA:98,7,0,0
BRDA:98,7,1,0
BRDA:105,8,0,0
BRDA:105,8,1,0
BRDA:105,8,2,0
BRDA:109,9,0,0
BRDA:109,9,1,0
BRDA:116,10,0,0
BRDA:116,10,1,0
BRDA:122,11,0,0
BRDA:122,11,1,0
BRDA:123,12,0,0
BRDA:123,12,1,0
BRDA:126,13,0,0
BRDA:126,13,1,0
BRDA:133,14,0,0
BRDA:133,14,1,0
BRDA:133,14,2,0
BRDA:140,15,0,0
BRDA:140,15,1,0
BRDA:216,16,0,0
BRDA:216,16,1,0
BRDA:216,17,0,0
BRDA:216,17,1,0
BRDA:261,18,0,0
BRDA:261,18,1,0
BRDA:289,19,0,0
BRDA:289,19,1,0
BRDA:330,20,0,0
BRDA:330,20,1,0
BRDA:332,21,0,0
BRDA:332,21,1,0
BRDA:355,22,0,0
BRDA:355,22,1,0
BRDA:357,23,0,0
BRDA:357,23,1,0
BRDA:361,24,0,0
BRDA:361,24,1,0
BRDA:361,25,0,0
BRDA:361,25,1,0
BRDA:366,26,0,0
BRDA:366,26,1,0
BRDA:367,27,0,0
BRDA:367,27,1,0
BRDA:369,28,0,0
BRDA:369,28,1,0
BRDA:370,29,0,0
BRDA:370,29,1,0
BRDA:373,30,0,0
BRDA:373,30,1,0
BRF:64
BRH:0
end_of_record
TN:
SF:src\pages\DataSecurityPage.tsx
FN:6,DataSecurityPage
FNF:1
FNH:0
FNDA:0,DataSecurityPage
DA:7,0
LF:1
LH:0
BRF:0
BRH:0
end_of_record
TN:
SF:src\pages\FeaturesPage.tsx
FN:64,FeaturesPage
FN:87,(anonymous_1)
FNF:2
FNH:0
FNDA:0,FeaturesPage
FNDA:0,(anonymous_1)
DA:13,0
DA:65,0
DA:88,0
LF:3
LH:0
BRF:0
BRH:0
end_of_record
TN:
SF:src\pages\HealthWorkersPage.tsx
FN:9,HealthWorkersPage
FN:15,(anonymous_1)
FN:19,(anonymous_2)
FN:30,(anonymous_3)
FN:82,(anonymous_4)
FN:101,(anonymous_5)
FN:126,(anonymous_6)
FN:145,(anonymous_7)
FN:182,(anonymous_8)
FNF:9
FNH:0
FNDA:0,HealthWorkersPage
FNDA:0,(anonymous_1)
FNDA:0,(anonymous_2)
FNDA:0,(anonymous_3)
FNDA:0,(anonymous_4)
FNDA:0,(anonymous_5)
FNDA:0,(anonymous_6)
FNDA:0,(anonymous_7)
FNDA:0,(anonymous_8)
DA:10,0
DA:11,0
DA:12,0
DA:13,0
DA:15,0
DA:16,0
DA:19,0
DA:20,0
DA:21,0
DA:22,0
DA:24,0
DA:26,0
DA:30,0
DA:31,0
DA:35,0
DA:36,0
DA:43,0
DA:82,0
DA:101,0
DA:126,0
DA:146,0
DA:182,0
LF:22
LH:0
BRDA:31,0,0,0
BRDA:31,0,1,0
BRDA:35,1,0,0
BRDA:35,1,1,0
BRDA:82,2,0,0
BRDA:82,2,1,0
BRDA:101,3,0,0
BRDA:101,3,1,0
BRDA:149,4,0,0
BRDA:149,4,1,0
BRDA:151,5,0,0
BRDA:151,5,1,0
BRDA:156,6,0,0
BRDA:156,6,1,0
BRDA:161,7,0,0
BRDA:161,7,1,0
BRDA:166,8,0,0
BRDA:166,8,1,0
BRDA:170,9,0,0
BRDA:170,9,1,0
BRDA:174,10,0,0
BRDA:174,10,1,0
BRF:22
BRH:0
end_of_record
TN:
SF:src\pages\HowItWorksPage.tsx
FN:49,HowItWorksPage
FN:72,(anonymous_1)
FNF:2
FNH:0
FNDA:0,HowItWorksPage
FNDA:0,(anonymous_1)
DA:4,0
DA:50,0
DA:73,0
LF:3
LH:0
BRF:0
BRH:0
end_of_record
TN:
SF:src\pages\LandingPage.tsx
FN:10,LandingPage
FN:14,(anonymous_1)
FN:21,(anonymous_2)
FN:22,(anonymous_3)
FN:25,(anonymous_4)
FN:160,(anonymous_5)
FN:199,(anonymous_6)
FNF:7
FNH:0
FNDA:0,LandingPage
FNDA:0,(anonymous_1)
FNDA:0,(anonymous_2)
FNDA:0,(anonymous_3)
FNDA:0,(anonymous_4)
FNDA:0,(anonymous_5)
FNDA:0,(anonymous_6)
DA:11,0
DA:12,0
DA:14,0
DA:15,0
DA:16,0
DA:17,0
DA:18,0
DA:21,0
DA:22,0
DA:23,0
DA:25,0
DA:28,0
DA:29,0
DA:73,0
DA:161,0
DA:200,0
LF:16
LH:0
BRDA:15,0,0,0
BRDA:15,0,1,0
BRDA:16,1,0,0
BRDA:16,1,1,0
BRDA:17,2,0,0
BRDA:17,2,1,0
BRDA:28,3,0,0
BRDA:28,3,1,0
BRDA:115,4,0,0
BRDA:115,4,1,0
BRF:10
BRH:0
end_of_record
TN:
SF:src\pages\LoginPage.tsx
FN:15,LoginPage
FN:23,(anonymous_1)
FN:54,(anonymous_2)
FN:108,(anonymous_3)
FN:129,(anonymous_4)
FN:135,(anonymous_5)
FNF:6
FNH:0
FNDA:0,LoginPage
FNDA:0,(anonymous_1)
FNDA:0,(anonymous_2)
FNDA:0,(anonymous_3)
FNDA:0,(anonymous_4)
FNDA:0,(anonymous_5)
DA:16,0
DA:17,0
DA:18,0
DA:19,0
DA:20,0
DA:21,0
DA:23,0
DA:24,0
DA:25,0
DA:26,0
DA:28,0
DA:29,0
DA:30,0
DA:32,0
DA:33,0
DA:34,0
DA:36,0
DA:40,0
DA:41,0
DA:44,0
DA:45,0
DA:46,0
DA:47,0
DA:48,0
DA:50,0
DA:54,0
DA:55,0
DA:56,0
DA:57,0
DA:59,0
DA:60,0
DA:61,0
DA:63,0
DA:65,0
DA:66,0
DA:67,0
DA:68,0
DA:69,0
DA:70,0
DA:71,0
DA:73,0
DA:75,0
DA:77,0
DA:81,0
DA:108,0
DA:129,0
DA:135,0
LF:47
LH:0
BRDA:24,0,0,0
BRDA:24,0,1,0
BRDA:33,1,0,0
BRDA:33,1,1,0
BRDA:44,2,0,0
BRDA:44,2,1,0
BRDA:45,3,0,0
BRDA:45,3,1,0
BRDA:45,4,0,0
BRDA:45,4,1,0
BRDA:47,5,0,0
BRDA:47,5,1,0
BRDA:66,6,0,0
BRDA:66,6,1,0
BRDA:68,7,0,0
BRDA:68,7,1,0
BRDA:70,8,0,0
BRDA:70,8,1,0
BRDA:75,9,0,0
BRDA:75,9,1,0
BRDA:127,10,0,0
BRDA:127,10,1,0
BRDA:138,11,0,0
BRDA:138,11,1,0
BRDA:143,12,0,0
BRDA:143,12,1,0
BRDA:154,13,0,0
BRDA:154,13,1,0
BRF:28
BRH:0
end_of_record
TN:
SF:src\pages\OfficerDashboard.tsx
FN:26,OfficerDashboard
FN:31,(anonymous_1)
FN:35,(anonymous_2)
FN:44,(anonymous_3)
FN:50,(anonymous_4)
FN:55,(anonymous_5)
FN:61,(anonymous_6)
FN:66,(anonymous_7)
FN:71,(anonymous_8)
FN:75,(anonymous_9)
FN:80,(anonymous_10)
FN:81,(anonymous_11)
FN:86,(anonymous_12)
FN:88,(anonymous_13)
FN:92,(anonymous_14)
FN:95,(anonymous_15)
FN:170,(anonymous_16)
FN:268,(anonymous_17)
FN:282,(anonymous_18)
FN:341,(anonymous_19)
FNF:20
FNH:0
FNDA:0,OfficerDashboard
FNDA:0,(anonymous_1)
FNDA:0,(anonymous_2)
FNDA:0,(anonymous_3)
FNDA:0,(anonymous_4)
FNDA:0,(anonymous_5)
FNDA:0,(anonymous_6)
FNDA:0,(anonymous_7)
FNDA:0,(anonymous_8)
FNDA:0,(anonymous_9)
FNDA:0,(anonymous_10)
FNDA:0,(anonymous_11)
FNDA:0,(anonymous_12)
FNDA:0,(anonymous_13)
FNDA:0,(anonymous_14)
FNDA:0,(anonymous_15)
FNDA:0,(anonymous_16)
FNDA:0,(anonymous_17)
FNDA:0,(anonymous_18)
FNDA:0,(anonymous_19)
DA:28,0
DA:29,0
DA:31,0
DA:32,0
DA:35,0
DA:36,0
DA:37,0
DA:44,0
DA:45,0
DA:50,0
DA:54,0
DA:55,0
DA:56,0
DA:60,0
DA:61,0
DA:62,0
DA:63,0
DA:64,0
DA:66,0
DA:67,0
DA:68,0
DA:69,0
DA:71,0
DA:74,0
DA:75,0
DA:76,0
DA:77,0
DA:79,0
DA:80,0
DA:81,0
DA:85,0
DA:86,0
DA:87,0
DA:88,0
DA:89,0
DA:92,0
DA:95,0
DA:97,0
DA:106,0
DA:108,0
DA:112,0
DA:113,0
DA:120,0
DA:126,0
DA:132,0
DA:171,0
DA:269,0
DA:283,0
DA:342,0
DA:343,0
DA:344,0
LF:51
LH:0
BRDA:56,0,0,0
BRDA:56,0,1,0
BRDA:56,1,0,0
BRDA:56,1,1,0
BRDA:63,2,0,0
BRDA:63,2,1,0
BRDA:68,3,0,0
BRDA:68,3,1,0
BRDA:76,4,0,0
BRDA:76,4,1,0
BRDA:77,5,0,0
BRDA:77,5,1,0
BRDA:87,6,0,0
BRDA:87,6,1,0
BRDA:89,7,0,0
BRDA:89,7,1,0
BRDA:94,8,0,0
BRDA:94,8,1,0
BRDA:112,9,0,0
BRDA:112,9,1,0
BRDA:126,10,0,0
BRDA:126,10,1,0
BRDA:144,11,0,0
BRDA:144,11,1,0
BRDA:151,12,0,0
BRDA:151,12,1,0
BRDA:158,13,0,0
BRDA:158,13,1,0
BRDA:165,14,0,0
BRDA:165,14,1,0
BRDA:165,15,0,0
BRDA:165,15,1,0
BRDA:208,16,0,0
BRDA:208,16,1,0
BRDA:307,17,0,0
BRDA:307,17,1,0
BRDA:342,18,0,0
BRDA:342,18,1,0
BRF:38
BRH:0
end_of_record
TN:
SF:src\pages\PatientDashboard.tsx
FN:45,PatientDashboard
FN:53,(anonymous_1)
FN:59,(anonymous_2)
FN:79,(anonymous_3)
FN:80,(anonymous_4)
FN:143,(anonymous_5)
FN:154,(anonymous_6)
FN:304,(anonymous_7)
FN:327,(anonymous_8)
FNF:9
FNH:0
FNDA:0,PatientDashboard
FNDA:0,(anonymous_1)
FNDA:0,(anonymous_2)
FNDA:0,(anonymous_3)
FNDA:0,(anonymous_4)
FNDA:0,(anonymous_5)
FNDA:0,(anonymous_6)
FNDA:0,(anonymous_7)
FNDA:0,(anonymous_8)
DA:46,0
DA:47,0
DA:48,0
DA:49,0
DA:53,0
DA:54,0
DA:55,0
DA:59,0
DA:60,0
DA:61,0
DA:62,0
DA:69,0
DA:78,0
DA:79,0
DA:80,0
DA:88,0
DA:89,0
DA:91,0
DA:92,0
DA:93,0
DA:101,0
DA:102,0
DA:113,0
DA:114,0
DA:123,0
DA:132,0
DA:133,0
DA:134,0
DA:136,0
DA:139,0
DA:143,0
DA:144,0
DA:146,0
DA:148,0
DA:150,0
DA:154,0
DA:155,0
DA:157,0
DA:159,0
DA:161,0
DA:165,0
DA:166,0
DA:176,0
DA:177,0
DA:187,0
DA:189,0
DA:305,0
DA:328,0
LF:48
LH:0
BRDA:54,0,0,0
BRDA:54,0,1,0
BRDA:60,1,0,0
BRDA:60,1,1,0
BRDA:69,2,0,0
BRDA:69,2,1,0
BRDA:71,3,0,0
BRDA:71,3,1,0
BRDA:71,3,2,0
BRDA:75,4,0,0
BRDA:75,4,1,0
BRDA:88,5,0,0
BRDA:88,5,1,0
BRDA:91,6,0,0
BRDA:91,6,1,0
BRDA:92,7,0,0
BRDA:92,7,1,0
BRDA:101,8,0,0
BRDA:101,8,1,0
BRDA:101,9,0,0
BRDA:101,9,1,0
BRDA:113,10,0,0
BRDA:113,10,1,0
BRDA:133,11,0,0
BRDA:133,11,1,0
BRDA:144,12,0,0
BRDA:144,12,1,0
BRDA:144,12,2,0
BRDA:155,13,0,0
BRDA:155,13,1,0
BRDA:155,13,2,0
BRDA:165,14,0,0
BRDA:165,14,1,0
BRDA:176,15,0,0
BRDA:176,15,1,0
BRDA:187,16,0,0
BRDA:187,16,1,0
BRDA:231,17,0,0
BRDA:231,17,1,0
BRDA:260,18,0,0
BRDA:260,18,1,0
BRDA:272,19,0,0
BRDA:272,19,1,0
BRDA:274,20,0,0
BRDA:274,20,1,0
BRDA:282,21,0,0
BRDA:282,21,1,0
BRDA:300,22,0,0
BRDA:300,22,1,0
BRDA:323,23,0,0
BRDA:323,23,1,0
BRF:51
BRH:0
end_of_record
TN:
SF:src\pages\PatientHistoryPage.tsx
FN:18,PatientHistoryPage
FN:25,(anonymous_1)
FN:29,(anonymous_2)
FN:76,(anonymous_3)
FN:89,(anonymous_4)
FN:232,(anonymous_5)
FN:235,(anonymous_6)
FN:282,(anonymous_7)
FNF:8
FNH:0
FNDA:0,PatientHistoryPage
FNDA:0,(anonymous_1)
FNDA:0,(anonymous_2)
FNDA:0,(anonymous_3)
FNDA:0,(anonymous_4)
FNDA:0,(anonymous_5)
FNDA:0,(anonymous_6)
FNDA:0,(anonymous_7)
DA:19,0
DA:20,0
DA:21,0
DA:22,0
DA:23,0
DA:25,0
DA:26,0
DA:29,0
DA:30,0
DA:31,0
DA:32,0
DA:34,0
DA:35,0
DA:36,0
DA:39,0
DA:47,0
DA:50,0
DA:52,0
DA:56,0
DA:57,0
DA:64,0
DA:65,0
DA:72,0
DA:73,0
DA:76,0
DA:83,0
DA:89,0
DA:233,0
DA:235,0
DA:283,0
LF:30
LH:0
BRDA:26,0,0,0
BRDA:26,0,1,0
BRDA:31,1,0,0
BRDA:31,1,1,0
BRDA:34,2,0,0
BRDA:34,2,1,0
BRDA:56,3,0,0
BRDA:56,3,1,0
BRDA:64,4,0,0
BRDA:64,4,1,0
BRDA:73,5,0,0
BRDA:73,5,1,0
BRDA:78,6,0,0
BRDA:78,6,1,0
BRDA:79,7,0,0
BRDA:79,7,1,0
BRDA:80,8,0,0
BRDA:80,8,1,0
BRDA:127,9,0,0
BRDA:127,9,1,0
BRDA:128,10,0,0
BRDA:128,10,1,0
BRDA:135,11,0,0
BRDA:135,11,1,0
BRDA:153,12,0,0
BRDA:153,12,1,0
BRDA:170,13,0,0
BRDA:170,13,1,0
BRDA:178,14,0,0
BRDA:178,14,1,0
BRDA:235,15,0,0
BRDA:235,15,1,0
BRDA:235,16,0,0
BRDA:235,16,1,0
BRDA:246,17,0,0
BRDA:246,17,1,0
BRDA:246,18,0,0
BRDA:246,18,1,0
BRDA:250,19,0,0
BRDA:250,19,1,0
BRDA:251,20,0,0
BRDA:251,20,1,0
BRDA:254,21,0,0
BRDA:254,21,1,0
BRDA:258,22,0,0
BRDA:258,22,1,0
BRDA:259,23,0,0
BRDA:259,23,1,0
BRDA:273,24,0,0
BRDA:273,24,1,0
BRDA:273,24,2,0
BRDA:289,25,0,0
BRDA:289,25,1,0
BRDA:290,26,0,0
BRDA:290,26,1,0
BRF:55
BRH:0
end_of_record
TN:
SF:src\pages\PatientScreeningHistory.tsx
FN:17,PatientScreeningHistory
FN:24,(anonymous_1)
FN:30,(anonymous_2)
FN:93,(anonymous_3)
FN:240,(anonymous_4)
FN:243,(anonymous_5)
FNF:6
FNH:0
FNDA:0,PatientScreeningHistory
FNDA:0,(anonymous_1)
FNDA:0,(anonymous_2)
FNDA:0,(anonymous_3)
FNDA:0,(anonymous_4)
FNDA:0,(anonymous_5)
DA:18,0
DA:19,0
DA:20,0
DA:21,0
DA:22,0
DA:24,0
DA:25,0
DA:26,0
DA:30,0
DA:31,0
DA:32,0
DA:33,0
DA:40,0
DA:48,0
DA:57,0
DA:59,0
DA:60,0
DA:62,0
DA:66,0
DA:67,0
DA:77,0
DA:78,0
DA:88,0
DA:90,0
DA:93,0
DA:100,0
DA:241,0
DA:243,0
LF:28
LH:0
BRDA:25,0,0,0
BRDA:25,0,1,0
BRDA:31,1,0,0
BRDA:31,1,1,0
BRDA:40,2,0,0
BRDA:40,2,1,0
BRDA:42,3,0,0
BRDA:42,3,1,0
BRDA:42,3,2,0
BRDA:66,4,0,0
BRDA:66,4,1,0
BRDA:77,5,0,0
BRDA:77,5,1,0
BRDA:88,6,0,0
BRDA:88,6,1,0
BRDA:95,7,0,0
BRDA:95,7,1,0
BRDA:96,8,0,0
BRDA:96,8,1,0
BRDA:97,9,0,0
BRDA:97,9,1,0
BRDA:135,10,0,0
BRDA:135,10,1,0
BRDA:136,11,0,0
BRDA:136,11,1,0
BRDA:143,12,0,0
BRDA:143,12,1,0
BRDA:161,13,0,0
BRDA:161,13,1,0
BRDA:178,14,0,0
BRDA:178,14,1,0
BRDA:186,15,0,0
BRDA:186,15,1,0
BRDA:254,16,0,0
BRDA:254,16,1,0
BRDA:254,17,0,0
BRDA:254,17,1,0
BRDA:258,18,0,0
BRDA:258,18,1,0
BRDA:259,19,0,0
BRDA:259,19,1,0
BRDA:262,20,0,0
BRDA:262,20,1,0
BRDA:266,21,0,0
BRDA:266,21,1,0
BRDA:267,22,0,0
BRDA:267,22,1,0
BRF:47
BRH:0
end_of_record
TN:
SF:src\pages\PatientSelfScreening.tsx
FN:18,PatientSelfScreening
FN:37,(anonymous_1)
FN:41,(anonymous_2)
FN:47,(anonymous_3)
FN:53,(anonymous_4)
FN:111,(anonymous_5)
FN:148,(anonymous_6)
FN:158,(anonymous_7)
FN:168,(anonymous_8)
FN:178,(anonymous_9)
FN:188,(anonymous_10)
FN:205,(anonymous_11)
FN:221,(anonymous_12)
FN:238,(anonymous_13)
FN:270,(anonymous_14)
FN:280,(anonymous_15)
FNF:16
FNH:0
FNDA:0,PatientSelfScreening
FNDA:0,(anonymous_1)
FNDA:0,(anonymous_2)
FNDA:0,(anonymous_3)
FNDA:0,(anonymous_4)
FNDA:0,(anonymous_5)
FNDA:0,(anonymous_6)
FNDA:0,(anonymous_7)
FNDA:0,(anonymous_8)
FNDA:0,(anonymous_9)
FNDA:0,(anonymous_10)
FNDA:0,(anonymous_11)
FNDA:0,(anonymous_12)
FNDA:0,(anonymous_13)
FNDA:0,(anonymous_14)
FNDA:0,(anonymous_15)
DA:12,0
DA:19,0
DA:20,0
DA:21,0
DA:22,0
DA:23,0
DA:35,0
DA:37,0
DA:38,0
DA:41,0
DA:42,0
DA:43,0
DA:47,0
DA:48,0
DA:49,0
DA:53,0
DA:54,0
DA:55,0
DA:57,0
DA:58,0
DA:61,0
DA:62,0
DA:65,0
DA:72,0
DA:90,0
DA:91,0
DA:93,0
DA:94,0
DA:96,0
DA:100,0
DA:112,0
DA:148,0
DA:158,0
DA:168,0
DA:178,0
DA:188,0
DA:205,0
DA:221,0
DA:238,0
DA:270,0
DA:280,0
LF:41
LH:0
BRDA:42,0,0,0
BRDA:42,0,1,0
BRDA:48,1,0,0
BRDA:48,1,1,0
BRDA:58,2,0,0
BRDA:58,2,1,0
BRDA:62,3,0,0
BRDA:62,3,1,0
BRDA:67,4,0,0
BRDA:67,4,1,0
BRDA:68,5,0,0
BRDA:68,5,1,0
BRDA:74,6,0,0
BRDA:74,6,1,0
BRDA:74,6,2,0
BRDA:75,7,0,0
BRDA:75,7,1,0
BRDA:76,8,0,0
BRDA:76,8,1,0
BRDA:77,9,0,0
BRDA:77,9,1,0
BRDA:78,10,0,0
BRDA:78,10,1,0
BRDA:79,11,0,0
BRDA:79,11,1,0
BRDA:83,12,0,0
BRDA:83,12,1,0
BRDA:84,13,0,0
BRDA:84,13,1,0
BRDA:94,14,0,0
BRDA:94,14,1,0
BRDA:115,15,0,0
BRDA:115,15,1,0
BRDA:120,16,0,0
BRDA:120,16,1,0
BRDA:125,17,0,0
BRDA:125,17,1,0
BRDA:127,18,0,0
BRDA:127,18,1,0
BRDA:138,19,0,0
BRDA:138,19,1,0
BRDA:197,20,0,0
BRDA:197,20,1,0
BRDA:257,21,0,0
BRDA:257,21,1,0
BRDA:290,22,0,0
BRDA:290,22,1,0
BRDA:302,23,0,0
BRDA:302,23,1,0
BRDA:309,24,0,0
BRDA:309,24,1,0
BRDA:323,25,0,0
BRDA:323,25,1,0
BRF:53
BRH:0
end_of_record
TN:
SF:src\pages\PatientsPage.tsx
FN:28,PatientsPage
FN:41,(anonymous_1)
FN:45,(anonymous_2)
FN:52,(anonymous_3)
FN:60,(anonymous_4)
FN:71,(anonymous_5)
FN:93,(anonymous_6)
FN:97,(anonymous_7)
FN:113,(anonymous_8)
FN:139,(anonymous_9)
FN:154,(anonymous_10)
FN:162,(anonymous_11)
FN:177,(anonymous_12)
FN:178,(anonymous_13)
FN:179,(anonymous_14)
FN:180,(anonymous_15)
FN:207,(anonymous_16)
FN:229,(anonymous_17)
FN:253,(anonymous_18)
FN:262,(anonymous_19)
FN:270,(anonymous_20)
FN:287,(anonymous_21)
FN:312,(anonymous_22)
FN:330,(anonymous_23)
FN:362,(anonymous_24)
FN:387,(anonymous_25)
FNF:26
FNH:0
FNDA:0,PatientsPage
FNDA:0,(anonymous_1)
FNDA:0,(anonymous_2)
FNDA:0,(anonymous_3)
FNDA:0,(anonymous_4)
FNDA:0,(anonymous_5)
FNDA:0,(anonymous_6)
FNDA:0,(anonymous_7)
FNDA:0,(anonymous_8)
FNDA:0,(anonymous_9)
FNDA:0,(anonymous_10)
FNDA:0,(anonymous_11)
FNDA:0,(anonymous_12)
FNDA:0,(anonymous_13)
FNDA:0,(anonymous_14)
FNDA:0,(anonymous_15)
FNDA:0,(anonymous_16)
FNDA:0,(anonymous_17)
FNDA:0,(anonymous_18)
FNDA:0,(anonymous_19)
FNDA:0,(anonymous_20)
FNDA:0,(anonymous_21)
FNDA:0,(anonymous_22)
FNDA:0,(anonymous_23)
FNDA:0,(anonymous_24)
FNDA:0,(anonymous_25)
DA:29,0
DA:30,0
DA:31,0
DA:32,0
DA:33,0
DA:34,0
DA:35,0
DA:38,0
DA:39,0
DA:41,0
DA:42,0
DA:45,0
DA:46,0
DA:47,0
DA:49,0
DA:50,0
DA:51,0
DA:52,0
DA:53,0
DA:59,0
DA:60,0
DA:63,0
DA:65,0
DA:67,0
DA:71,0
DA:72,0
DA:73,0
DA:74,0
DA:75,0
DA:76,0
DA:78,0
DA:86,0
DA:89,0
DA:93,0
DA:94,0
DA:97,0
DA:98,0
DA:99,0
DA:100,0
DA:101,0
DA:102,0
DA:103,0
DA:105,0
DA:106,0
DA:108,0
DA:109,0
DA:113,0
DA:114,0
DA:115,0
DA:120,0
DA:127,0
DA:139,0
DA:154,0
DA:162,0
DA:177,0
DA:178,0
DA:179,0
DA:181,0
DA:207,0
DA:230,0
DA:253,0
DA:262,0
DA:270,0
DA:287,0
DA:312,0
DA:331,0
DA:363,0
DA:388,0
LF:68
LH:0
BRDA:50,0,0,0
BRDA:50,0,1,0
BRDA:53,1,0,0
BRDA:53,1,1,0
BRDA:53,1,2,0
BRDA:53,1,3,0
BRDA:59,2,0,0
BRDA:59,2,1,0
BRDA:74,3,0,0
BRDA:74,3,1,0
BRDA:98,4,0,0
BRDA:98,4,1,0
BRDA:114,5,0,0
BRDA:114,5,1,0
BRDA:121,6,0,0
BRDA:121,6,1,0
BRDA:200,7,0,0
BRDA:200,7,1,0
BRDA:202,8,0,0
BRDA:202,8,1,0
BRDA:241,9,0,0
BRDA:241,9,1,0
BRDA:244,10,0,0
BRDA:244,10,1,0
BRDA:297,11,0,0
BRDA:297,11,1,0
BRDA:297,11,2,0
BRDA:326,12,0,0
BRDA:326,12,1,0
BRDA:339,13,0,0
BRDA:339,13,1,0
BRDA:339,14,0,0
BRDA:339,14,1,0
BRDA:340,15,0,0
BRDA:340,15,1,0
BRDA:343,16,0,0
BRDA:343,16,1,0
BRDA:358,17,0,0
BRDA:358,17,1,0
BRDA:363,18,0,0
BRDA:363,18,1,0
BRDA:365,19,0,0
BRDA:365,19,1,0
BRDA:383,20,0,0
BRDA:383,20,1,0
BRDA:395,21,0,0
BRDA:395,21,1,0
BRDA:396,22,0,0
BRDA:396,22,1,0
BRF:49
BRH:0
end_of_record
TN:
SF:src\pages\PrivacyPolicyPage.tsx
FN:4,PrivacyPolicyPage
FNF:1
FNH:0
FNDA:0,PrivacyPolicyPage
DA:5,0
LF:1
LH:0
BRF:0
BRH:0
end_of_record
TN:
SF:src\pages\RegisterPage.tsx
FN:12,RegisterPage
FN:24,(anonymous_1)
FN:66,(anonymous_2)
FN:67,(anonymous_3)
FN:124,(anonymous_4)
FNF:5
FNH:0
FNDA:0,RegisterPage
FNDA:0,(anonymous_1)
FNDA:0,(anonymous_2)
FNDA:0,(anonymous_3)
FNDA:0,(anonymous_4)
DA:13,0
DA:19,0
DA:20,0
DA:21,0
DA:22,0
DA:24,0
DA:25,0
DA:26,0
DA:27,0
DA:29,0
DA:31,0
DA:32,0
DA:35,0
DA:44,0
DA:45,0
DA:46,0
DA:47,0
DA:49,0
DA:53,0
DA:54,0
DA:55,0
DA:56,0
DA:57,0
DA:59,0
DA:62,0
DA:66,0
DA:67,0
DA:70,0
DA:124,0
LF:29
LH:0
BRDA:44,0,0,0
BRDA:44,0,1,0
BRDA:46,1,0,0
BRDA:46,1,1,0
BRDA:54,2,0,0
BRDA:54,2,1,0
BRDA:56,3,0,0
BRDA:56,3,1,0
BRDA:116,4,0,0
BRDA:116,4,1,0
BRDA:127,5,0,0
BRDA:127,5,1,0
BRDA:145,6,0,0
BRDA:145,6,1,0
BRDA:156,7,0,0
BRDA:156,7,1,0
BRF:16
BRH:0
end_of_record
TN:
SF:src\pages\ScreeningDetailPage.tsx
FN:10,ScreeningDetailPage
FN:17,(anonymous_1)
FN:18,(anonymous_2)
FN:36,(anonymous_3)
FN:49,(anonymous_4)
FN:79,(anonymous_5)
FNF:6
FNH:0
FNDA:0,ScreeningDetailPage
FNDA:0,(anonymous_1)
FNDA:0,(anonymous_2)
FNDA:0,(anonymous_3)
FNDA:0,(anonymous_4)
FNDA:0,(anonymous_5)
DA:11,0
DA:12,0
DA:14,0
DA:15,0
DA:17,0
DA:18,0
DA:19,0
DA:20,0
DA:21,0
DA:22,0
DA:24,0
DA:26,0
DA:30,0
DA:33,0
DA:34,0
DA:36,0
DA:37,0
DA:38,0
DA:39,0
DA:40,0
DA:44,0
DA:49,0
DA:80,0
LF:23
LH:0
BRDA:19,0,0,0
BRDA:19,0,1,0
BRDA:33,1,0,0
BRDA:33,1,1,0
BRDA:34,2,0,0
BRDA:34,2,1,0
BRDA:37,3,0,0
BRDA:37,3,1,0
BRDA:37,3,2,0
BRDA:76,4,0,0
BRDA:76,4,1,0
BRDA:80,5,0,0
BRDA:80,5,1,0
BRDA:92,6,0,0
BRDA:92,6,1,0
BRDA:92,7,0,0
BRDA:92,7,1,0
BRDA:104,8,0,0
BRDA:104,8,1,0
BRDA:104,9,0,0
BRDA:104,9,1,0
BRDA:112,10,0,0
BRDA:112,10,1,0
BRDA:124,11,0,0
BRDA:124,11,1,0
BRDA:128,12,0,0
BRDA:128,12,1,0
BRDA:132,13,0,0
BRDA:132,13,1,0
BRDA:136,14,0,0
BRDA:136,14,1,0
BRDA:146,15,0,0
BRDA:146,15,1,0
BRDA:150,16,0,0
BRDA:150,16,1,0
BRDA:154,17,0,0
BRDA:154,17,1,0
BRF:37
BRH:0
end_of_record
TN:
SF:src\pages\ScreeningWizard.tsx
FN:21,ScreeningWizard
FN:37,(anonymous_1)
FN:46,(anonymous_2)
FN:50,(anonymous_3)
FN:133,(anonymous_4)
FN:169,(anonymous_5)
FN:193,(anonymous_6)
FN:206,(anonymous_7)
FN:218,(anonymous_8)
FN:252,(anonymous_9)
FN:294,(anonymous_10)
FNF:11
FNH:0
FNDA:0,ScreeningWizard
FNDA:0,(anonymous_1)
FNDA:0,(anonymous_2)
FNDA:0,(anonymous_3)
FNDA:0,(anonymous_4)
FNDA:0,(anonymous_5)
FNDA:0,(anonymous_6)
FNDA:0,(anonymous_7)
FNDA:0,(anonymous_8)
FNDA:0,(anonymous_9)
FNDA:0,(anonymous_10)
DA:19,0
DA:22,0
DA:23,0
DA:24,0
DA:26,0
DA:28,0
DA:37,0
DA:38,0
DA:39,0
DA:40,0
DA:43,0
DA:45,0
DA:46,0
DA:50,0
DA:51,0
DA:52,0
DA:97,0
DA:98,0
DA:114,0
DA:115,0
DA:129,0
DA:131,0
DA:133,0
DA:139,0
DA:147,0
DA:155,0
DA:163,0
DA:170,0
DA:175,0
DA:177,0
DA:181,0
DA:183,0
DA:193,0
DA:206,0
DA:218,0
DA:253,0
DA:295,0
DA:296,0
LF:38
LH:0
BRDA:38,0,0,0
BRDA:38,0,1,0
BRDA:45,1,0,0
BRDA:45,1,1,0
BRDA:51,2,0,0
BRDA:51,2,1,0
BRDA:62,3,0,0
BRDA:62,3,1,0
BRDA:73,4,0,0
BRDA:73,4,1,0
BRDA:75,5,0,0
BRDA:75,5,1,0
BRDA:83,6,0,0
BRDA:83,6,1,0
BRDA:97,7,0,0
BRDA:97,7,1,0
BRDA:114,8,0,0
BRDA:114,8,1,0
BRDA:129,9,0,0
BRDA:129,9,1,0
BRDA:129,9,2,0
BRDA:129,9,3,0
BRDA:129,9,4,0
BRDA:129,9,5,0
BRDA:129,9,6,0
BRDA:204,10,0,0
BRDA:204,10,1,0
BRDA:208,11,0,0
BRDA:208,11,1,0
BRDA:216,12,0,0
BRDA:216,12,1,0
BRDA:220,13,0,0
BRDA:220,13,1,0
BRDA:241,14,0,0
BRDA:241,14,1,0
BRDA:247,15,0,0
BRDA:247,15,1,0
BRDA:262,16,0,0
BRDA:262,16,1,0
BRDA:262,16,2,0
BRDA:262,16,3,0
BRDA:276,17,0,0
BRDA:276,17,1,0
BRF:43
BRH:0
end_of_record
TN:
SF:src\pages\SettingsPage.tsx
FN:15,SettingsPage
FN:36,(anonymous_1)
FN:37,(anonymous_2)
FN:68,(anonymous_3)
FN:110,(anonymous_4)
FN:203,(anonymous_5)
FN:218,(anonymous_6)
FN:247,(anonymous_7)
FN:293,(anonymous_8)
FN:308,(anonymous_9)
FN:323,(anonymous_10)
FN:357,(anonymous_11)
FN:394,(anonymous_12)
FN:404,(anonymous_13)
FN:418,(anonymous_14)
FN:428,(anonymous_15)
FNF:16
FNH:0
FNDA:0,SettingsPage
FNDA:0,(anonymous_1)
FNDA:0,(anonymous_2)
FNDA:0,(anonymous_3)
FNDA:0,(anonymous_4)
FNDA:0,(anonymous_5)
FNDA:0,(anonymous_6)
FNDA:0,(anonymous_7)
FNDA:0,(anonymous_8)
FNDA:0,(anonymous_9)
FNDA:0,(anonymous_10)
FNDA:0,(anonymous_11)
FNDA:0,(anonymous_12)
FNDA:0,(anonymous_13)
FNDA:0,(anonymous_14)
FNDA:0,(anonymous_15)
DA:16,0
DA:17,0
DA:18,0
DA:19,0
DA:21,0
DA:30,0
DA:36,0
DA:37,0
DA:38,0
DA:40,0
DA:50,0
DA:51,0
DA:52,0
DA:53,0
DA:54,0
DA:55,0
DA:56,0
DA:59,0
DA:62,0
DA:65,0
DA:68,0
DA:69,0
DA:70,0
DA:71,0
DA:73,0
DA:74,0
DA:77,0
DA:78,0
DA:84,0
DA:90,0
DA:99,0
DA:100,0
DA:102,0
DA:103,0
DA:104,0
DA:106,0
DA:110,0
DA:111,0
DA:112,0
DA:113,0
DA:115,0
DA:116,0
DA:117,0
DA:118,0
DA:121,0
DA:122,0
DA:123,0
DA:124,0
DA:127,0
DA:128,0
DA:131,0
DA:132,0
DA:135,0
DA:137,0
DA:138,0
DA:139,0
DA:145,0
DA:146,0
DA:147,0
DA:149,0
DA:153,0
DA:203,0
DA:218,0
DA:248,0
DA:249,0
DA:293,0
DA:308,0
DA:323,0
DA:357,0
DA:394,0
DA:404,0
DA:418,0
DA:428,0
LF:73
LH:0
BRDA:38,0,0,0
BRDA:38,0,1,0
BRDA:41,1,0,0
BRDA:41,1,1,0
BRDA:41,1,2,0
BRDA:42,2,0,0
BRDA:42,2,1,0
BRDA:52,3,0,0
BRDA:52,3,1,0
BRDA:53,4,0,0
BRDA:53,4,1,0
BRDA:54,5,0,0
BRDA:54,5,1,0
BRDA:55,6,0,0
BRDA:55,6,1,0
BRDA:56,7,0,0
BRDA:56,7,1,0
BRDA:74,8,0,0
BRDA:74,8,1,0
BRDA:77,9,0,0
BRDA:77,9,1,0
BRDA:92,10,0,0
BRDA:92,10,1,0
BRDA:103,11,0,0
BRDA:103,11,1,0
BRDA:104,12,0,0
BRDA:104,12,1,0
BRDA:115,13,0,0
BRDA:115,13,1,0
BRDA:121,14,0,0
BRDA:121,14,1,0
BRDA:128,15,0,0
BRDA:128,15,1,0
BRDA:128,16,0,0
BRDA:128,16,1,0
BRDA:146,17,0,0
BRDA:146,17,1,0
BRDA:147,18,0,0
BRDA:147,18,1,0
BRDA:161,19,0,0
BRDA:161,19,1,0
BRDA:165,20,0,0
BRDA:165,20,1,0
BRDA:170,21,0,0
BRDA:170,21,1,0
BRDA:232,22,0,0
BRDA:232,22,1,0
BRDA:248,23,0,0
BRDA:248,23,1,0
BRDA:250,24,0,0
BRDA:250,24,1,0
BRDA:250,24,2,0
BRDA:251,25,0,0
BRDA:251,25,1,0
BRDA:342,26,0,0
BRDA:342,26,1,0
BRDA:440,27,0,0
BRDA:440,27,1,0
BRDA:468,28,0,0
BRDA:468,28,1,0
BRDA:479,29,0,0
BRDA:479,29,1,0
BRF:62
BRH:0
end_of_record
TN:
SF:src\pages\SystemAnalyticsPage.tsx
FN:18,SystemAnalyticsPage
FN:22,(anonymous_1)
FN:26,(anonymous_2)
FN:55,(anonymous_3)
FN:60,(anonymous_4)
FN:65,(anonymous_5)
FN:126,(anonymous_6)
FN:131,(anonymous_7)
FN:160,(anonymous_8)
FN:206,(anonymous_9)
FN:264,(anonymous_10)
FN:266,(anonymous_11)
FN:268,(anonymous_12)
FNF:13
FNH:0
FNDA:0,SystemAnalyticsPage
FNDA:0,(anonymous_1)
FNDA:0,(anonymous_2)
FNDA:0,(anonymous_3)
FNDA:0,(anonymous_4)
FNDA:0,(anonymous_5)
FNDA:0,(anonymous_6)
FNDA:0,(anonymous_7)
FNDA:0,(anonymous_8)
FNDA:0,(anonymous_9)
FNDA:0,(anonymous_10)
FNDA:0,(anonymous_11)
FNDA:0,(anonymous_12)
DA:19,0
DA:20,0
DA:22,0
DA:23,0
DA:26,0
DA:27,0
DA:28,0
DA:30,0
DA:32,0
DA:34,0
DA:38,0
DA:39,0
DA:46,0
DA:47,0
DA:55,0
DA:60,0
DA:65,0
DA:70,0
DA:72,0
DA:126,0
DA:132,0
DA:161,0
DA:207,0
DA:265,0
DA:266,0
DA:268,0
DA:269,0
DA:270,0
LF:28
LH:0
BRDA:38,0,0,0
BRDA:38,0,1,0
BRDA:46,1,0,0
BRDA:46,1,1,0
BRDA:55,2,0,0
BRDA:55,2,1,0
BRDA:60,3,0,0
BRDA:60,3,1,0
BRDA:65,4,0,0
BRDA:65,4,1,0
BRDA:126,5,0,0
BRDA:126,5,1,0
BRDA:206,6,0,0
BRDA:206,6,1,0
BRDA:220,7,0,0
BRDA:220,7,1,0
BRDA:221,8,0,0
BRDA:221,8,1,0
BRDA:265,9,0,0
BRDA:265,9,1,0
BRDA:269,10,0,0
BRDA:269,10,1,0
BRF:22
BRH:0
end_of_record
TN:
SF:src\pages\TermsConditionsPage.tsx
FN:4,TermsConditionsPage
FNF:1
FNH:0
FNDA:0,TermsConditionsPage
DA:5,0
LF:1
LH:0
BRF:0
BRH:0
end_of_record
TN:
SF:src\pages\WorkerDetailPage.tsx
FN:17,WorkerDetailPage
FN:23,(anonymous_1)
FN:27,(anonymous_2)
FN:96,(anonymous_3)
FN:138,(anonymous_4)
FN:178,(anonymous_5)
FN:189,(anonymous_6)
FN:209,(anonymous_7)
FNF:8
FNH:0
FNDA:0,WorkerDetailPage
FNDA:0,(anonymous_1)
FNDA:0,(anonymous_2)
FNDA:0,(anonymous_3)
FNDA:0,(anonymous_4)
FNDA:0,(anonymous_5)
FNDA:0,(anonymous_6)
FNDA:0,(anonymous_7)
DA:18,0
DA:19,0
DA:20,0
DA:21,0
DA:23,0
DA:24,0
DA:27,0
DA:28,0
DA:29,0
DA:31,0
DA:32,0
DA:34,0
DA:35,0
DA:36,0
DA:37,0
DA:39,0
DA:42,0
DA:45,0
DA:47,0
DA:56,0
DA:58,0
DA:62,0
DA:63,0
DA:70,0
DA:71,0
DA:78,0
DA:84,0
DA:90,0
DA:96,0
DA:139,0
DA:179,0
DA:190,0
DA:210,0
LF:33
LH:0
BRDA:28,0,0,0
BRDA:28,0,1,0
BRDA:34,1,0,0
BRDA:34,1,1,0
BRDA:62,2,0,0
BRDA:62,2,1,0
BRDA:70,3,0,0
BRDA:70,3,1,0
BRDA:102,4,0,0
BRDA:102,4,1,0
BRDA:220,5,0,0
BRDA:220,5,1,0
BRDA:221,6,0,0
BRDA:221,6,1,0
BRDA:222,7,0,0
BRDA:222,7,1,0
BRF:16
BRH:0
end_of_record
TN:
SF:src\pages\screening\useScreeningWizard.ts
FN:75,useScreeningWizard
FN:90,(anonymous_1)
FN:94,(anonymous_2)
FN:113,(anonymous_3)
FN:174,(anonymous_4)
FN:193,(anonymous_5)
FN:205,(anonymous_6)
FN:278,(anonymous_7)
FN:299,(anonymous_8)
FN:300,(anonymous_9)
FN:303,(anonymous_10)
FN:304,(anonymous_11)
FN:316,(anonymous_12)
FN:319,(anonymous_13)
FNF:14
FNH:11
FNDA:52,useScreeningWizard
FNDA:1,(anonymous_1)
FNDA:10,(anonymous_2)
FNDA:6,(anonymous_3)
FNDA:0,(anonymous_4)
FNDA:1,(anonymous_5)
FNDA:10,(anonymous_6)
FNDA:10,(anonymous_7)
FNDA:10,(anonymous_8)
FNDA:10,(anonymous_9)
FNDA:1,(anonymous_10)
FNDA:1,(anonymous_11)
FNDA:0,(anonymous_12)
FNDA:0,(anonymous_13)
DA:26,1
DA:65,1
DA:76,52
DA:77,52
DA:79,52
DA:80,52
DA:81,52
DA:82,52
DA:83,52
DA:84,52
DA:85,52
DA:86,52
DA:87,52
DA:88,52
DA:90,52
DA:93,52
DA:95,10
DA:96,10
DA:98,10
DA:100,0
DA:112,52
DA:114,6
DA:116,6
DA:117,1
DA:123,1
DA:126,5
DA:127,5
DA:129,5
DA:130,1
DA:137,4
DA:145,5
DA:146,5
DA:147,4
DA:149,4
DA:150,4
DA:155,4
DA:157,4
DA:158,1
DA:167,5
DA:173,52
DA:175,0
DA:179,0
DA:181,0
DA:182,0
DA:193,52
DA:194,1
DA:195,1
DA:196,1
DA:205,52
DA:206,10
DA:208,10
DA:209,2
DA:210,2
DA:215,8
DA:216,8
DA:217,10
DA:219,10
DA:220,7
DA:223,6
DA:225,1
DA:228,7
DA:235,7
DA:236,7
DA:240,7
DA:241,7
DA:242,7
DA:247,1
DA:250,7
DA:251,7
DA:257,6
DA:259,1
DA:260,1
DA:262,1
DA:263,1
DA:265,1
DA:266,1
DA:271,1
DA:273,1
DA:274,1
DA:278,52
DA:279,10
DA:280,10
DA:282,10
DA:283,10
DA:284,7
DA:285,7
DA:286,7
DA:289,3
DA:290,3
DA:291,3
DA:292,3
DA:293,3
DA:295,10
DA:299,52
DA:300,10
DA:303,52
DA:304,1
DA:307,52
DA:316,0
DA:319,0
LF:100
LH:93
BRDA:98,0,0,10
BRDA:98,0,1,0
BRDA:98,1,0,10
BRDA:98,1,1,0
BRDA:116,2,0,1
BRDA:116,2,1,5
BRDA:118,3,0,1
BRDA:118,3,1,0
BRDA:119,4,0,1
BRDA:119,4,1,0
BRDA:120,5,0,0
BRDA:120,5,1,0
BRDA:129,6,0,1
BRDA:129,6,1,4
BRDA:131,7,0,1
BRDA:131,7,1,0
BRDA:138,8,0,4
BRDA:138,8,1,0
BRDA:146,9,0,4
BRDA:146,9,1,1
BRDA:152,10,0,3
BRDA:152,10,1,1
BRDA:157,11,0,1
BRDA:157,11,1,3
BRDA:157,12,0,4
BRDA:157,12,1,4
BRDA:159,13,0,1
BRDA:159,13,1,0
BRDA:181,14,0,0
BRDA:181,14,1,0
BRDA:183,15,0,0
BRDA:183,15,1,0
BRDA:208,16,0,2
BRDA:208,16,1,8
BRDA:208,17,0,10
BRDA:208,17,1,8
BRDA:211,18,0,2
BRDA:211,18,1,0
BRDA:219,19,0,7
BRDA:219,19,1,1
BRDA:243,20,0,7
BRDA:243,20,1,6
BRDA:257,21,0,5
BRDA:257,21,1,1
BRDA:260,22,0,0
BRDA:260,22,1,1
BRDA:260,23,0,1
BRDA:260,23,1,1
BRDA:265,24,0,1
BRDA:265,24,1,0
BRDA:289,25,0,3
BRDA:289,25,1,0
BRF:52
BRH:35
end_of_record
TN:
SF:src\services\dashboardStats.ts
FN:22,(anonymous_0)
FN:23,(anonymous_1)
FN:24,(anonymous_2)
FN:25,(anonymous_3)
FN:26,(anonymous_4)
FN:27,(anonymous_5)
FN:33,riskDistribution
FN:46,ageDistribution
FN:48,(anonymous_8)
FN:52,(anonymous_9)
FN:59,genderDistribution
FN:67,(anonymous_11)
FN:71,geographicDistribution
FN:84,(anonymous_13)
FN:94,(anonymous_14)
FN:95,(anonymous_15)
FN:98,(anonymous_16)
FN:105,riskFactorPrevalence
FN:108,(anonymous_18)
FN:110,(anonymous_19)
FN:111,(anonymous_20)
FN:112,(anonymous_21)
FN:113,(anonymous_22)
FN:117,(anonymous_23)
FN:125,workerCaseload
FN:131,(anonymous_25)
FN:131,(anonymous_26)
FN:133,(anonymous_27)
FN:138,(anonymous_28)
FN:143,workerPerformance
FN:148,(anonymous_30)
FN:163,buildDashboardStats
FN:177,(anonymous_32)
FN:178,(anonymous_33)
FNF:34
FNH:34
FNDA:27,(anonymous_0)
FNDA:25,(anonymous_1)
FNDA:15,(anonymous_2)
FNDA:13,(anonymous_3)
FNDA:4,(anonymous_4)
FNDA:2,(anonymous_5)
FNDA:13,riskDistribution
FNDA:19,ageDistribution
FNDA:114,(anonymous_8)
FNDA:86,(anonymous_9)
FNDA:13,genderDistribution
FNDA:18,(anonymous_11)
FNDA:16,geographicDistribution
FNDA:24,(anonymous_13)
FNDA:21,(anonymous_14)
FNDA:9,(anonymous_15)
FNDA:29,(anonymous_16)
FNDA:16,riskFactorPrevalence
FNDA:29,(anonymous_18)
FNDA:29,(anonymous_19)
FNDA:29,(anonymous_20)
FNDA:29,(anonymous_21)
FNDA:29,(anonymous_22)
FNDA:80,(anonymous_23)
FNDA:23,workerCaseload
FNDA:41,(anonymous_25)
FNDA:36,(anonymous_26)
FNDA:40,(anonymous_27)
FNDA:35,(anonymous_28)
FNDA:13,workerPerformance
FNDA:10,(anonymous_30)
FNDA:11,buildDashboardStats
FNDA:24,(anonymous_32)
FNDA:16,(anonymous_33)
DA:21,2
DA:22,27
DA:23,25
DA:24,15
DA:25,13
DA:26,4
DA:27,2
DA:30,2
DA:34,13
DA:36,13
DA:37,27
DA:38,27
DA:42,13
DA:47,19
DA:48,114
DA:51,19
DA:52,86
DA:53,27
DA:56,19
DA:60,13
DA:62,13
DA:63,19
DA:64,19
DA:67,18
DA:75,16
DA:77,16
DA:78,24
DA:79,24
DA:80,24
DA:83,16
DA:84,24
DA:87,16
DA:88,27
DA:89,10
DA:90,10
DA:93,16
DA:94,21
DA:95,9
DA:98,2
DA:99,29
DA:100,29
DA:101,1
DA:106,16
DA:108,29
DA:110,29
DA:111,29
DA:112,29
DA:113,29
DA:116,16
DA:117,80
DA:130,23
DA:131,41
DA:133,40
DA:135,23
DA:138,35
DA:148,13
DA:149,10
DA:150,10
DA:174,11
DA:177,24
DA:178,16
LF:61
LH:61
BRDA:37,0,0,27
BRDA:37,0,1,0
BRDA:37,1,0,27
BRDA:37,1,1,27
BRDA:52,2,0,86
BRDA:52,2,1,0
BRDA:53,3,0,27
BRDA:53,3,1,0
BRDA:63,4,0,19
BRDA:63,4,1,1
BRDA:64,5,0,19
BRDA:64,5,1,18
BRDA:78,6,0,24
BRDA:78,6,1,0
BRDA:84,7,0,24
BRDA:84,7,1,0
BRDA:88,8,0,17
BRDA:88,8,1,10
BRDA:90,9,0,9
BRDA:90,9,1,1
BRDA:90,10,0,10
BRDA:90,10,1,9
BRDA:99,11,0,29
BRDA:99,11,1,28
BRDA:100,12,0,28
BRDA:100,12,1,1
BRDA:101,13,0,1
BRDA:101,13,1,0
BRDA:108,14,0,29
BRDA:108,14,1,21
BRDA:108,15,0,29
BRDA:108,15,1,13
BRDA:108,16,0,21
BRDA:108,16,1,20
BRDA:110,17,0,29
BRDA:110,17,1,29
BRDA:119,18,0,65
BRDA:119,18,1,15
BRDA:155,19,0,9
BRDA:155,19,1,1
BRF:40
BRH:34
end_of_record
TN:
SF:src\services\db.ts
FN:59,constructor
FN:63,initDB
FN:64,(anonymous_2)
FN:67,(anonymous_3)
FN:72,(anonymous_4)
FN:78,(anonymous_5)
FN:113,getDB
FN:119,generateId
FN:125,savePatient
FN:127,(anonymous_9)
FN:132,(anonymous_10)
FN:133,(anonymous_11)
FN:137,getPatient
FN:139,(anonymous_13)
FN:144,(anonymous_14)
FN:145,(anonymous_15)
FN:149,getAllPatients
FN:151,(anonymous_17)
FN:156,(anonymous_18)
FN:157,(anonymous_19)
FN:161,getUnsyncedPatients
FN:163,(anonymous_21)
FN:169,(anonymous_22)
FN:170,(anonymous_23)
FN:174,updatePatientServerId
FN:185,saveScreening
FN:187,(anonymous_26)
FN:192,(anonymous_27)
FN:193,(anonymous_28)
FN:197,getScreening
FN:199,(anonymous_30)
FN:204,(anonymous_31)
FN:205,(anonymous_32)
FN:209,getAllScreenings
FN:211,(anonymous_34)
FN:216,(anonymous_35)
FN:217,(anonymous_36)
FN:221,getUnsyncedScreenings
FN:223,(anonymous_38)
FN:229,(anonymous_39)
FN:230,(anonymous_40)
FN:234,updateScreeningServerId
FN:246,addToSyncQueue
FN:254,(anonymous_43)
FN:259,(anonymous_44)
FN:260,(anonymous_45)
FN:264,getSyncQueue
FN:266,(anonymous_47)
FN:271,(anonymous_48)
FN:274,(anonymous_49)
FN:281,(anonymous_50)
FN:285,updateSyncQueueItem
FN:287,(anonymous_52)
FN:292,(anonymous_53)
FN:293,(anonymous_54)
FN:297,removeFromSyncQueue
FN:299,(anonymous_56)
FN:304,(anonymous_57)
FN:305,(anonymous_58)
FN:309,getSyncQueueCount
FN:311,(anonymous_60)
FN:316,(anonymous_61)
FN:317,(anonymous_62)
FN:323,setCache
FN:331,(anonymous_64)
FN:336,(anonymous_65)
FN:337,(anonymous_66)
FN:341,getCache
FN:343,(anonymous_68)
FN:348,(anonymous_69)
FN:356,(anonymous_70)
FN:360,clearCache
FN:362,(anonymous_72)
FN:367,(anonymous_73)
FN:368,(anonymous_74)
FNF:75
FNH:0
FNDA:0,constructor
FNDA:0,initDB
FNDA:0,(anonymous_2)
FNDA:0,(anonymous_3)
FNDA:0,(anonymous_4)
FNDA:0,(anonymous_5)
FNDA:0,getDB
FNDA:0,generateId
FNDA:0,savePatient
FNDA:0,(anonymous_9)
FNDA:0,(anonymous_10)
FNDA:0,(anonymous_11)
FNDA:0,getPatient
FNDA:0,(anonymous_13)
FNDA:0,(anonymous_14)
FNDA:0,(anonymous_15)
FNDA:0,getAllPatients
FNDA:0,(anonymous_17)
FNDA:0,(anonymous_18)
FNDA:0,(anonymous_19)
FNDA:0,getUnsyncedPatients
FNDA:0,(anonymous_21)
FNDA:0,(anonymous_22)
FNDA:0,(anonymous_23)
FNDA:0,updatePatientServerId
FNDA:0,saveScreening
FNDA:0,(anonymous_26)
FNDA:0,(anonymous_27)
FNDA:0,(anonymous_28)
FNDA:0,getScreening
FNDA:0,(anonymous_30)
FNDA:0,(anonymous_31)
FNDA:0,(anonymous_32)
FNDA:0,getAllScreenings
FNDA:0,(anonymous_34)
FNDA:0,(anonymous_35)
FNDA:0,(anonymous_36)
FNDA:0,getUnsyncedScreenings
FNDA:0,(anonymous_38)
FNDA:0,(anonymous_39)
FNDA:0,(anonymous_40)
FNDA:0,updateScreeningServerId
FNDA:0,addToSyncQueue
FNDA:0,(anonymous_43)
FNDA:0,(anonymous_44)
FNDA:0,(anonymous_45)
FNDA:0,getSyncQueue
FNDA:0,(anonymous_47)
FNDA:0,(anonymous_48)
FNDA:0,(anonymous_49)
FNDA:0,(anonymous_50)
FNDA:0,updateSyncQueueItem
FNDA:0,(anonymous_52)
FNDA:0,(anonymous_53)
FNDA:0,(anonymous_54)
FNDA:0,removeFromSyncQueue
FNDA:0,(anonymous_56)
FNDA:0,(anonymous_57)
FNDA:0,(anonymous_58)
FNDA:0,getSyncQueueCount
FNDA:0,(anonymous_60)
FNDA:0,(anonymous_61)
FNDA:0,(anonymous_62)
FNDA:0,setCache
FNDA:0,(anonymous_64)
FNDA:0,(anonymous_65)
FNDA:0,(anonymous_66)
FNDA:0,getCache
FNDA:0,(anonymous_68)
FNDA:0,(anonymous_69)
FNDA:0,(anonymous_70)
FNDA:0,clearCache
FNDA:0,(anonymous_72)
FNDA:0,(anonymous_73)
FNDA:0,(anonymous_74)
DA:6,0
DA:7,0
DA:56,0
DA:60,0
DA:64,0
DA:65,0
DA:67,0
DA:68,0
DA:69,0
DA:72,0
DA:73,0
DA:74,0
DA:75,0
DA:78,0
DA:79,0
DA:82,0
DA:83,0
DA:84,0
DA:85,0
DA:89,0
DA:90,0
DA:91,0
DA:92,0
DA:93,0
DA:97,0
DA:98,0
DA:99,0
DA:100,0
DA:104,0
DA:105,0
DA:108,0
DA:114,0
DA:115,0
DA:120,0
DA:126,0
DA:127,0
DA:128,0
DA:129,0
DA:130,0
DA:132,0
DA:133,0
DA:138,0
DA:139,0
DA:140,0
DA:141,0
DA:142,0
DA:144,0
DA:145,0
DA:150,0
DA:151,0
DA:152,0
DA:153,0
DA:154,0
DA:156,0
DA:157,0
DA:162,0
DA:163,0
DA:164,0
DA:165,0
DA:166,0
DA:167,0
DA:169,0
DA:170,0
DA:175,0
DA:176,0
DA:177,0
DA:178,0
DA:179,0
DA:186,0
DA:187,0
DA:188,0
DA:189,0
DA:190,0
DA:192,0
DA:193,0
DA:198,0
DA:199,0
DA:200,0
DA:201,0
DA:202,0
DA:204,0
DA:205,0
DA:210,0
DA:211,0
DA:212,0
DA:213,0
DA:214,0
DA:216,0
DA:217,0
DA:222,0
DA:223,0
DA:224,0
DA:225,0
DA:226,0
DA:227,0
DA:229,0
DA:230,0
DA:235,0
DA:236,0
DA:237,0
DA:238,0
DA:239,0
DA:240,0
DA:247,0
DA:248,0
DA:254,0
DA:255,0
DA:256,0
DA:257,0
DA:259,0
DA:260,0
DA:265,0
DA:266,0
DA:267,0
DA:268,0
DA:269,0
DA:271,0
DA:273,0
DA:274,0
DA:275,0
DA:276,0
DA:277,0
DA:279,0
DA:281,0
DA:286,0
DA:287,0
DA:288,0
DA:289,0
DA:290,0
DA:292,0
DA:293,0
DA:298,0
DA:299,0
DA:300,0
DA:301,0
DA:302,0
DA:304,0
DA:305,0
DA:310,0
DA:311,0
DA:312,0
DA:313,0
DA:314,0
DA:316,0
DA:317,0
DA:324,0
DA:325,0
DA:331,0
DA:332,0
DA:333,0
DA:334,0
DA:336,0
DA:337,0
DA:342,0
DA:343,0
DA:344,0
DA:345,0
DA:346,0
DA:348,0
DA:349,0
DA:350,0
DA:351,0
DA:353,0
DA:356,0
DA:361,0
DA:362,0
DA:363,0
DA:364,0
DA:365,0
DA:367,0
DA:368,0
DA:374,0
LF:172
LH:0
BRDA:82,0,0,0
BRDA:82,0,1,0
BRDA:89,1,0,0
BRDA:89,1,1,0
BRDA:97,2,0,0
BRDA:97,2,1,0
BRDA:104,3,0,0
BRDA:104,3,1,0
BRDA:114,4,0,0
BRDA:114,4,1,0
BRDA:156,5,0,0
BRDA:156,5,1,0
BRDA:169,6,0,0
BRDA:169,6,1,0
BRDA:176,7,0,0
BRDA:176,7,1,0
BRDA:216,8,0,0
BRDA:216,8,1,0
BRDA:229,9,0,0
BRDA:229,9,1,0
BRDA:236,10,0,0
BRDA:236,10,1,0
BRDA:273,11,0,0
BRDA:273,11,1,0
BRDA:275,12,0,0
BRDA:275,12,1,0
BRDA:275,13,0,0
BRDA:275,13,1,0
BRDA:276,14,0,0
BRDA:276,14,1,0
BRDA:276,15,0,0
BRDA:276,15,1,0
BRDA:323,16,0,0
BRDA:350,17,0,0
BRDA:350,17,1,0
BRDA:350,18,0,0
BRDA:350,18,1,0
BRF:37
BRH:0
end_of_record
TN:
SF:src\services\firestoreService.ts
FN:49,(anonymous_0)
FN:50,(anonymous_1)
FN:58,(anonymous_2)
FN:62,(anonymous_3)
FN:64,(anonymous_4)
FN:69,getHealthWorkers
FN:75,(anonymous_6)
FN:91,(anonymous_7)
FN:92,(anonymous_8)
FN:102,(anonymous_9)
FN:112,createHealthWorker
FN:124,toggleUserStatus
FN:129,getPatients
FN:138,(anonymous_13)
FN:180,getPatient
FN:185,addPatient
FN:194,updatePatient
FN:200,setPatient
FN:217,deletePatient
FN:222,getScreenings
FN:228,(anonymous_20)
FN:233,addScreening
FN:242,updateScreening
FN:247,getScreening
FN:253,getAppointments
FN:263,(anonymous_25)
FN:268,getAppointmentsForPatient
FN:272,(anonymous_27)
FN:277,addAppointment
FN:295,getDashboardStats
FN:301,(anonymous_30)
FN:302,(anonymous_31)
FNF:32
FNH:24
FNDA:6,(anonymous_0)
FNDA:20,(anonymous_1)
FNDA:87,(anonymous_2)
FNDA:14,(anonymous_3)
FNDA:11,(anonymous_4)
FNDA:11,getHealthWorkers
FNDA:11,(anonymous_6)
FNDA:18,(anonymous_7)
FNDA:18,(anonymous_8)
FNDA:11,(anonymous_9)
FNDA:0,createHealthWorker
FNDA:0,toggleUserStatus
FNDA:13,getPatients
FNDA:19,(anonymous_13)
FNDA:2,getPatient
FNDA:2,addPatient
FNDA:0,updatePatient
FNDA:2,setPatient
FNDA:1,deletePatient
FNDA:9,getScreenings
FNDA:16,(anonymous_20)
FNDA:2,addScreening
FNDA:0,updateScreening
FNDA:0,getScreening
FNDA:1,getAppointments
FNDA:2,(anonymous_25)
FNDA:0,getAppointmentsForPatient
FNDA:0,(anonymous_27)
FNDA:0,addAppointment
FNDA:8,getDashboardStats
FNDA:8,(anonymous_30)
FNDA:14,(anonymous_31)
DA:49,1
DA:50,6
DA:51,20
DA:52,17
DA:54,20
DA:58,1
DA:59,87
DA:62,1
DA:63,14
DA:64,11
DA:67,1
DA:70,11
DA:71,11
DA:74,11
DA:76,11
DA:83,11
DA:84,11
DA:86,11
DA:87,11
DA:91,18
DA:92,18
DA:96,1
DA:102,11
DA:107,0
DA:108,0
DA:115,0
DA:121,0
DA:125,0
DA:130,13
DA:137,13
DA:138,19
DA:140,13
DA:142,1
DA:147,12
DA:148,12
DA:152,11
DA:153,11
DA:154,16
DA:157,11
DA:158,3
DA:160,2
DA:161,2
DA:173,11
DA:175,1
DA:176,1
DA:181,2
DA:182,2
DA:186,2
DA:187,2
DA:191,2
DA:195,0
DA:196,0
DA:201,2
DA:202,2
DA:203,2
DA:205,2
DA:206,1
DA:208,1
DA:214,2
DA:218,1
DA:223,9
DA:227,9
DA:228,16
DA:230,9
DA:234,2
DA:235,2
DA:239,2
DA:243,0
DA:244,0
DA:248,0
DA:249,0
DA:255,1
DA:262,1
DA:263,2
DA:265,1
DA:269,0
DA:272,0
DA:274,0
DA:280,0
DA:281,0
DA:285,0
DA:296,8
DA:302,14
DA:306,8
DA:308,8
LF:85
LH:68
BRDA:51,0,0,17
BRDA:51,0,1,3
BRDA:130,1,0,1
BRDA:130,1,1,12
BRDA:140,2,0,1
BRDA:140,2,1,12
BRDA:154,3,0,16
BRDA:154,3,1,0
BRDA:158,4,0,1
BRDA:158,4,1,2
BRDA:163,5,0,2
BRDA:163,5,1,1
BRDA:164,6,0,3
BRDA:164,6,1,2
BRDA:165,7,0,3
BRDA:165,7,1,2
BRDA:166,8,0,3
BRDA:166,8,1,2
BRDA:167,9,0,3
BRDA:167,9,1,2
BRDA:168,10,0,3
BRDA:168,10,1,2
BRDA:169,11,0,3
BRDA:169,11,1,1
BRDA:182,12,0,1
BRDA:182,12,1,1
BRDA:205,13,0,1
BRDA:205,13,1,1
BRDA:223,14,0,1
BRDA:223,14,1,8
BRDA:230,15,0,1
BRDA:230,15,1,8
BRDA:249,16,0,0
BRDA:249,16,1,0
BRDA:255,17,0,1
BRDA:255,17,1,0
BRDA:299,18,0,0
BRDA:299,18,1,8
BRF:38
BRH:33
end_of_record
TN:
SF:src\services\syncService.ts
FN:22,setToken
FN:26,isOnline
FN:31,subscribe
FN:33,(anonymous_3)
FN:36,notifyListeners
FN:37,(anonymous_5)
FN:41,savePatientLocally
FN:69,saveScreeningLocally
FN:103,syncAll
FN:138,(anonymous_9)
FN:198,(anonymous_10)
FN:205,syncPatient
FN:224,syncScreening
FN:250,getPendingCount
FN:255,getLocalStats
FNF:15
FNH:0
FNDA:0,setToken
FNDA:0,isOnline
FNDA:0,subscribe
FNDA:0,(anonymous_3)
FNDA:0,notifyListeners
FNDA:0,(anonymous_5)
FNDA:0,savePatientLocally
FNDA:0,saveScreeningLocally
FNDA:0,syncAll
FNDA:0,(anonymous_9)
FNDA:0,(anonymous_10)
FNDA:0,syncPatient
FNDA:0,syncScreening
FNDA:0,getPendingCount
FNDA:0,getLocalStats
DA:18,0
DA:19,0
DA:20,0
DA:23,0
DA:27,0
DA:32,0
DA:33,0
DA:37,0
DA:42,0
DA:43,0
DA:56,0
DA:57,0
DA:64,0
DA:65,0
DA:70,0
DA:71,0
DA:90,0
DA:91,0
DA:98,0
DA:99,0
DA:104,0
DA:105,0
DA:106,0
DA:109,0
DA:110,0
DA:111,0
DA:114,0
DA:115,0
DA:116,0
DA:119,0
DA:120,0
DA:122,0
DA:129,0
DA:130,0
DA:131,0
DA:134,0
DA:137,0
DA:138,0
DA:139,0
DA:140,0
DA:144,0
DA:145,0
DA:146,0
DA:147,0
DA:148,0
DA:149,0
DA:150,0
DA:151,0
DA:152,0
DA:154,0
DA:156,0
DA:157,0
DA:160,0
DA:161,0
DA:162,0
DA:165,0
DA:167,0
DA:168,0
DA:171,0
DA:172,0
DA:173,0
DA:174,0
DA:175,0
DA:179,0
DA:180,0
DA:181,0
DA:182,0
DA:183,0
DA:184,0
DA:185,0
DA:189,0
DA:190,0
DA:192,0
DA:193,0
DA:194,0
DA:195,0
DA:197,0
DA:198,0
DA:201,0
DA:202,0
DA:206,0
DA:215,0
DA:216,0
DA:217,0
DA:220,0
DA:221,0
DA:226,0
DA:228,0
DA:240,0
DA:241,0
DA:242,0
DA:245,0
DA:246,0
DA:251,0
DA:260,0
DA:266,0
DA:275,0
LF:97
LH:0
BRDA:48,0,0,0
BRDA:48,0,1,0
BRDA:51,1,0,0
BRDA:51,1,1,0
BRDA:76,2,0,0
BRDA:76,2,1,0
BRDA:77,3,0,0
BRDA:77,3,1,0
BRDA:78,4,0,0
BRDA:78,4,1,0
BRDA:79,5,0,0
BRDA:79,5,1,0
BRDA:80,6,0,0
BRDA:80,6,1,0
BRDA:81,7,0,0
BRDA:81,7,1,0
BRDA:82,8,0,0
BRDA:82,8,1,0
BRDA:83,9,0,0
BRDA:83,9,1,0
BRDA:84,10,0,0
BRDA:84,10,1,0
BRDA:85,11,0,0
BRDA:85,11,1,0
BRDA:104,12,0,0
BRDA:104,12,1,0
BRDA:109,13,0,0
BRDA:109,13,1,0
BRDA:114,14,0,0
BRDA:114,14,1,0
BRDA:139,15,0,0
BRDA:139,15,1,0
BRDA:146,16,0,0
BRDA:146,16,1,0
BRDA:148,17,0,0
BRDA:148,17,1,0
BRDA:154,18,0,0
BRDA:154,18,1,0
BRDA:160,19,0,0
BRDA:160,19,1,0
BRDA:165,20,0,0
BRDA:165,20,1,0
BRDA:172,21,0,0
BRDA:172,21,1,0
BRDA:190,22,0,0
BRDA:190,22,1,0
BRDA:215,23,0,0
BRDA:215,23,1,0
BRDA:217,24,0,0
BRDA:217,24,1,0
BRDA:240,25,0,0
BRDA:240,25,1,0
BRDA:242,26,0,0
BRDA:242,26,1,0
BRF:54
BRH:0
end_of_record
TN:
SF:src\services\types.ts
FNF:0
FNH:0
LF:0
LH:0
BRF:0
BRH:0
end_of_record
